#
# A fatal error has been detected by the Java Runtime Environment:
#
#  EXCEPTION_ACCESS_VIOLATION (0xc0000005) at pc=0x00007fffed3f1360, pid=14784, tid=7848
#
# JRE version: Java(TM) SE Runtime Environment (19.0.2+7) (build 19.0.2+7-44)
# Java VM: Java HotSpot(TM) 64-Bit Server VM (19.0.2+7-44, mixed mode, sharing, tiered, compressed oops, compressed class ptrs, g1 gc, windows-amd64)
# Problematic frame:
# C  [ig9icd64.dll+0x511360]
#
# No core dump will be written. Minidumps are not enabled by default on client versions of Windows
#
# If you would like to submit a bug report, please visit:
#   https://bugreport.java.com/bugreport/crash.jsp
# The crash happened outside the Java Virtual Machine in native code.
# See problematic frame for where to report the bug.
#

---------------  S U M M A R Y ------------

Command Line: -javaagent:C:\Program Files\JetBrains\IntelliJ IDEA Community Edition 2025.2.1\lib\idea_rt.jar=2391 -Dfile.encoding=UTF-8 -Dsun.stdout.encoding=UTF-8 -Dsun.stderr.encoding=UTF-8 org.example.Lab3

Host: Intel(R) Core(TM) i5-8265U CPU @ 1.60GHz, 8 cores, 7G,  Windows 10 , 64 bit Build 19041 (10.0.19041.5915)
Time: Tue Oct 28 10:33:25 2025  Windows 10 , 64 bit Build 19041 (10.0.19041.5915) elapsed time: 1.444099 seconds (0d 0h 0m 1s)

---------------  T H R E A D  ---------------

Current thread (0x000001bfa2be3fd0):  JavaThread "main" [_thread_in_native, id=7848, stack(0x000000bf96a00000,0x000000bf96b00000)]

Stack: [0x000000bf96a00000,0x000000bf96b00000],  sp=0x000000bf96aff4f8,  free space=1021k
Native frames: (J=compiled Java code, j=interpreted, Vv=VM code, C=native code)
C  [ig9icd64.dll+0x511360]

Java frames: (J=compiled Java code, j=interpreted, Vv=VM code)
j  org.lwjgl.opengl.GL11.nglMultMatrixf(J)V+0
j  org.lwjgl.opengl.GL11.glMultMatrixf(Ljava/nio/FloatBuffer;)V+16
j  org.example.Lab3.gluPerspective(FFFF)V+191
j  org.example.Lab3.loop()V+51
j  org.example.Lab3.run()V+19
j  org.example.Lab3.main([Ljava/lang/String;)V+7
v  ~StubRoutines::call_stub 0x000001bfb208100e

siginfo: EXCEPTION_ACCESS_VIOLATION (0xc0000005), reading address 0x0000000000000010


Registers:
RAX=0x50040108dffc80ff, RBX=0x000001bfc5db3140, RCX=0x0000000000000010, RDX=0x00007fffedbcae40
RSP=0x000000bf96aff4f8, RBP=0x000001bfc60cd5b0, RSI=0x000001bfc5dcc0e8, RDI=0x0000000000000010
R8 =0x0000000000000040, R9 =0x0000000000000002, R10=0x000001bfb209f92e, R11=0x0000000089373b60
R12=0x0000000000000000, R13=0x000001bfc1dde6e8, R14=0x000000bf96aff628, R15=0x000001bfa2be3fd0
RIP=0x00007fffed3f1360, EFLAGS=0x0000000000010202


Register to memory mapping:

RIP=0x00007fffed3f1360 ig9icd64.dll
RAX=0x50040108dffc80ff is an unknown value
RBX=0x000001bfc5db3140 points into unknown readable memory: 0x000001bfc5d62800 | 00 28 d6 c5 bf 01 00 00
RCX=0x0000000000000010 is an unknown value
RDX=0x00007fffedbcae40 ig9icd64.dll
RSP=0x000000bf96aff4f8 is pointing into the stack for thread: 0x000001bfa2be3fd0
RBP=0x000001bfc60cd5b0 points into unknown readable memory: 0x000000003f800000 | 00 00 80 3f 00 00 00 00
RSI=0x000001bfc5dcc0e8 points into unknown readable memory: 0x000001bfc60cd5b0 | b0 d5 0c c6 bf 01 00 00
RDI=0x0000000000000010 is an unknown value
R8 =0x0000000000000040 is an unknown value
R9 =0x0000000000000002 is an unknown value
R10=0x000001bfb209f92e is at code_begin+1006 in an Interpreter codelet
method entry point (kind = native)  [0x000001bfb209f540, 0x000001bfb20a0050]  2832 bytes
R11=0x0000000089373b60 is an oop: java.lang.Class 
{0x0000000089373b60} - klass: 'java/lang/Class'
 - ---- fields (total size 278 words):
 - private volatile transient 'classRedefinedCount' 'I' @12  0
 - abstract internal 'klass' 'J' @16  34376624824 (101aab8 8)
 - abstract internal 'array_klass' 'J' @24  0 (0 0)
 - abstract internal 'oop_size' 'I' @32  278 (116)
 - abstract internal 'static_oop_field_count' 'I' @36  0
 - private volatile transient 'cachedConstructor' 'Ljava/lang/reflect/Constructor;' @40  NULL (0)
 - private transient 'name' 'Ljava/lang/String;' @44  "org.lwjgl.opengl.GL11"{0x0000000089374420} (89374420)
 - private transient 'module' 'Ljava/lang/Module;' @48  a 'java/lang/Module'{0x0000000089b68030} (89b68030)
 - private final 'classLoader' 'Ljava/lang/ClassLoader;' @52  a 'jdk/internal/loader/ClassLoaders$AppClassLoader'{0x0000000089b67e70} (89b67e70)
 - private transient 'classData' 'Ljava/lang/Object;' @56  NULL (0)
 - private transient 'packageName' 'Ljava/lang/String;' @60  "org.lwjgl.opengl"{0x000000008957e5e8} (8957e5e8)
 - private final 'componentType' 'Ljava/lang/Class;' @64  NULL (0)
 - private volatile transient 'reflectionData' 'Ljava/lang/ref/SoftReference;' @68  NULL (0)
 - private volatile transient 'genericInfo' 'Lsun/reflect/generics/repository/ClassRepository;' @72  NULL (0)
 - private volatile transient 'enumConstants' '[Ljava/lang/Object;' @76  NULL (0)
 - private volatile transient 'enumConstantDirectory' 'Ljava/util/Map;' @80  NULL (0)
 - private volatile transient 'annotationData' 'Ljava/lang/Class$AnnotationData;' @84  NULL (0)
 - private volatile transient 'annotationType' 'Lsun/reflect/annotation/AnnotationType;' @88  NULL (0)
 - transient 'classValueMap' 'Ljava/lang/ClassValue$ClassValueMap;' @92  NULL (0)
 - abstract internal 'protection_domain' 'Ljava/lang/Object;' @96  a 'java/security/ProtectionDomain'{0x0000000089590fc8} (89590fc8)
 - abstract internal 'signers_name' 'Ljava/lang/Object;' @100  NULL (0)
 - abstract internal 'source_file' 'Ljava/lang/Object;' @104  NULL (0)
 - signature: Lorg/lwjgl/opengl/GL11;
 - ---- static fields (0):
 - public static final 'GL_ACCUM' 'I' @112  256 (100)
 - public static final 'GL_LOAD' 'I' @116  257 (101)
 - public static final 'GL_RETURN' 'I' @120  258 (102)
 - public static final 'GL_MULT' 'I' @124  259 (103)
 - public static final 'GL_ADD' 'I' @128  260 (104)
 - public static final 'GL_NEVER' 'I' @132  512 (200)
 - public static final 'GL_LESS' 'I' @136  513 (201)
 - public static final 'GL_EQUAL' 'I' @140  514 (202)
 - public static final 'GL_LEQUAL' 'I' @144  515 (203)
 - public static final 'GL_GREATER' 'I' @148  516 (204)
 - public static final 'GL_NOTEQUAL' 'I' @152  517 (205)
 - public static final 'GL_GEQUAL' 'I' @156  518 (206)
 - public static final 'GL_ALWAYS' 'I' @160  519 (207)
 - public static final 'GL_CURRENT_BIT' 'I' @164  1
 - public static final 'GL_POINT_BIT' 'I' @168  2
 - public static final 'GL_LINE_BIT' 'I' @172  4
 - public static final 'GL_POLYGON_BIT' 'I' @176  8
 - public static final 'GL_POLYGON_STIPPLE_BIT' 'I' @180  16 (10)
 - public static final 'GL_PIXEL_MODE_BIT' 'I' @184  32 (20)
 - public static final 'GL_LIGHTING_BIT' 'I' @188  64 (40)
 - public static final 'GL_FOG_BIT' 'I' @192  128 (80)
 - public static final 'GL_DEPTH_BUFFER_BIT' 'I' @196  256 (100)
 - public static final 'GL_ACCUM_BUFFER_BIT' 'I' @200  512 (200)
 - public static final 'GL_STENCIL_BUFFER_BIT' 'I' @204  1024 (400)
 - public static final 'GL_VIEWPORT_BIT' 'I' @208  2048 (800)
 - public static final 'GL_TRANSFORM_BIT' 'I' @212  4096 (1000)
 - public static final 'GL_ENABLE_BIT' 'I' @216  8192 (2000)
 - public static final 'GL_COLOR_BUFFER_BIT' 'I' @220  16384 (4000)
 - public static final 'GL_HINT_BIT' 'I' @224  32768 (8000)
 - public static final 'GL_EVAL_BIT' 'I' @228  65536 (10000)
 - public static final 'GL_LIST_BIT' 'I' @232  131072 (20000)
 - public static final 'GL_TEXTURE_BIT' 'I' @236  262144 (40000)
 - public static final 'GL_SCISSOR_BIT' 'I' @240  524288 (80000)
 - public static final 'GL_ALL_ATTRIB_BITS' 'I' @244  1048575 (fffff)
 - public static final 'GL_POINTS' 'I' @248  0
 - public static final 'GL_LINES' 'I' @252  1
 - public static final 'GL_LINE_LOOP' 'I' @256  2
 - public static final 'GL_LINE_STRIP' 'I' @260  3
 - public static final 'GL_TRIANGLES' 'I' @264  4
 - public static final 'GL_TRIANGLE_STRIP' 'I' @268  5
 - public static final 'GL_TRIANGLE_FAN' 'I' @272  6
 - public static final 'GL_QUADS' 'I' @276  7
 - public static final 'GL_QUAD_STRIP' 'I' @280  8
 - public static final 'GL_POLYGON' 'I' @284  9
 - public static final 'GL_ZERO' 'I' @288  0
 - public static final 'GL_ONE' 'I' @292  1
 - public static final 'GL_SRC_COLOR' 'I' @296  768 (300)
 - public static final 'GL_ONE_MINUS_SRC_COLOR' 'I' @300  769 (301)
 - public static final 'GL_SRC_ALPHA' 'I' @304  770 (302)
 - public static final 'GL_ONE_MINUS_SRC_ALPHA' 'I' @308  771 (303)
 - public static final 'GL_DST_ALPHA' 'I' @312  772 (304)
 - public static final 'GL_ONE_MINUS_DST_ALPHA' 'I' @316  773 (305)
 - public static final 'GL_DST_COLOR' 'I' @320  774 (306)
 - public static final 'GL_ONE_MINUS_DST_COLOR' 'I' @324  775 (307)
 - public static final 'GL_SRC_ALPHA_SATURATE' 'I' @328  776 (308)
 - public static final 'GL_TRUE' 'I' @332  1
 - public static final 'GL_FALSE' 'I' @336  0
 - public static final 'GL_CLIP_PLANE0' 'I' @340  12288 (3000)
 - public static final 'GL_CLIP_PLANE1' 'I' @344  12289 (3001)
 - public static final 'GL_CLIP_PLANE2' 'I' @348  12290 (3002)
 - public static final 'GL_CLIP_PLANE3' 'I' @352  12291 (3003)
 - public static final 'GL_CLIP_PLANE4' 'I' @356  12292 (3004)
 - public static final 'GL_CLIP_PLANE5' 'I' @360  12293 (3005)
 - public static final 'GL_BYTE' 'I' @364  5120 (1400)
 - public static final 'GL_UNSIGNED_BYTE' 'I' @368  5121 (1401)
 - public static final 'GL_SHORT' 'I' @372  5122 (1402)
 - public static final 'GL_UNSIGNED_SHORT' 'I' @376  5123 (1403)
 - public static final 'GL_INT' 'I' @380  5124 (1404)
 - public static final 'GL_UNSIGNED_INT' 'I' @384  5125 (1405)
 - public static final 'GL_FLOAT' 'I' @388  5126 (1406)
 - public static final 'GL_2_BYTES' 'I' @392  5127 (1407)
 - public static final 'GL_3_BYTES' 'I' @396  5128 (1408)
 - public static final 'GL_4_BYTES' 'I' @400  5129 (1409)
 - public static final 'GL_DOUBLE' 'I' @404  5130 (140a)
 - public static final 'GL_NONE' 'I' @408  0
 - public static final 'GL_FRONT_LEFT' 'I' @412  1024 (400)
 - public static final 'GL_FRONT_RIGHT' 'I' @416  1025 (401)
 - public static final 'GL_BACK_LEFT' 'I' @420  1026 (402)
 - public static final 'GL_BACK_RIGHT' 'I' @424  1027 (403)
 - public static final 'GL_FRONT' 'I' @428  1028 (404)
 - public static final 'GL_BACK' 'I' @432  1029 (405)
 - public static final 'GL_LEFT' 'I' @436  1030 (406)
 - public static final 'GL_RIGHT' 'I' @440  1031 (407)
 - public static final 'GL_FRONT_AND_BACK' 'I' @444  1032 (408)
 - public static final 'GL_AUX0' 'I' @448  1033 (409)
 - public static final 'GL_AUX1' 'I' @452  1034 (40a)
 - public static final 'GL_AUX2' 'I' @456  1035 (40b)
 - public static final 'GL_AUX3' 'I' @460  1036 (40c)
 - public static final 'GL_NO_ERROR' 'I' @464  0
 - public static final 'GL_INVALID_ENUM' 'I' @468  1280 (500)
 - public static final 'GL_INVALID_VALUE' 'I' @472  1281 (501)
 - public static final 'GL_INVALID_OPERATION' 'I' @476  1282 (502)
 - public static final 'GL_STACK_OVERFLOW' 'I' @480  1283 (503)
 - public static final 'GL_STACK_UNDERFLOW' 'I' @484  1284 (504)
 - public static final 'GL_OUT_OF_MEMORY' 'I' @488  1285 (505)
 - public static final 'GL_2D' 'I' @492  1536 (600)
 - public static final 'GL_3D' 'I' @496  1537 (601)
 - public static final 'GL_3D_COLOR' 'I' @500  1538 (602)
 - public static final 'GL_3D_COLOR_TEXTURE' 'I' @504  1539 (603)
 - public static final 'GL_4D_COLOR_TEXTURE' 'I' @508  1540 (604)
 - public static final 'GL_PASS_THROUGH_TOKEN' 'I' @512  1792 (700)
 - public static final 'GL_POINT_TOKEN' 'I' @516  1793 (701)
 - public static final 'GL_LINE_TOKEN' 'I' @520  1794 (702)
 - public static final 'GL_POLYGON_TOKEN' 'I' @524  1795 (703)
 - public static final 'GL_BITMAP_TOKEN' 'I' @528  1796 (704)
 - public static final 'GL_DRAW_PIXEL_TOKEN' 'I' @532  1797 (705)
 - public static final 'GL_COPY_PIXEL_TOKEN' 'I' @536  1798 (706)
 - public static final 'GL_LINE_RESET_TOKEN' 'I' @540  1799 (707)
 - public static final 'GL_EXP' 'I' @544  2048 (800)
 - public static final 'GL_EXP2' 'I' @548  2049 (801)
 - public static final 'GL_CW' 'I' @552  2304 (900)
 - public static final 'GL_CCW' 'I' @556  2305 (901)
 - public static final 'GL_COEFF' 'I' @560  2560 (a00)
 - public static final 'GL_ORDER' 'I' @564  2561 (a01)
 - public static final 'GL_DOMAIN' 'I' @568  2562 (a02)
 - public static final 'GL_CURRENT_COLOR' 'I' @572  2816 (b00)
 - public static final 'GL_CURRENT_INDEX' 'I' @576  2817 (b01)
 - public static final 'GL_CURRENT_NORMAL' 'I' @580  2818 (b02)
 - public static final 'GL_CURRENT_TEXTURE_COORDS' 'I' @584  2819 (b03)
 - public static final 'GL_CURRENT_RASTER_COLOR' 'I' @588  2820 (b04)
 - public static final 'GL_CURRENT_RASTER_INDEX' 'I' @592  2821 (b05)
 - public static final 'GL_CURRENT_RASTER_TEXTURE_COORDS' 'I' @596  2822 (b06)
 - public static final 'GL_CURRENT_RASTER_POSITION' 'I' @600  2823 (b07)
 - public static final 'GL_CURRENT_RASTER_POSITION_VALID' 'I' @604  2824 (b08)
 - public static final 'GL_CURRENT_RASTER_DISTANCE' 'I' @608  2825 (b09)
 - public static final 'GL_POINT_SMOOTH' 'I' @612  2832 (b10)
 - public static final 'GL_POINT_SIZE' 'I' @616  2833 (b11)
 - public static final 'GL_POINT_SIZE_RANGE' 'I' @620  2834 (b12)
 - public static final 'GL_POINT_SIZE_GRANULARITY' 'I' @624  2835 (b13)
 - public static final 'GL_LINE_SMOOTH' 'I' @628  2848 (b20)
 - public static final 'GL_LINE_WIDTH' 'I' @632  2849 (b21)
 - public static final 'GL_LINE_WIDTH_RANGE' 'I' @636  2850 (b22)
 - public static final 'GL_LINE_WIDTH_GRANULARITY' 'I' @640  2851 (b23)
 - public static final 'GL_LINE_STIPPLE' 'I' @644  2852 (b24)
 - public static final 'GL_LINE_STIPPLE_PATTERN' 'I' @648  2853 (b25)
 - public static final 'GL_LINE_STIPPLE_REPEAT' 'I' @652  2854 (b26)
 - public static final 'GL_LIST_MODE' 'I' @656  2864 (b30)
 - public static final 'GL_MAX_LIST_NESTING' 'I' @660  2865 (b31)
 - public static final 'GL_LIST_BASE' 'I' @664  2866 (b32)
 - public static final 'GL_LIST_INDEX' 'I' @668  2867 (b33)
 - public static final 'GL_POLYGON_MODE' 'I' @672  2880 (b40)
 - public static final 'GL_POLYGON_SMOOTH' 'I' @676  2881 (b41)
 - public static final 'GL_POLYGON_STIPPLE' 'I' @680  2882 (b42)
 - public static final 'GL_EDGE_FLAG' 'I' @684  2883 (b43)
 - public static final 'GL_CULL_FACE' 'I' @688  2884 (b44)
 - public static final 'GL_CULL_FACE_MODE' 'I' @692  2885 (b45)
 - public static final 'GL_FRONT_FACE' 'I' @696  2886 (b46)
 - public static final 'GL_LIGHTING' 'I' @700  2896 (b50)
 - public static final 'GL_LIGHT_MODEL_LOCAL_VIEWER' 'I' @704  2897 (b51)
 - public static final 'GL_LIGHT_MODEL_TWO_SIDE' 'I' @708  2898 (b52)
 - public static final 'GL_LIGHT_MODEL_AMBIENT' 'I' @712  2899 (b53)
 - public static final 'GL_SHADE_MODEL' 'I' @716  2900 (b54)
 - public static final 'GL_COLOR_MATERIAL_FACE' 'I' @720  2901 (b55)
 - public static final 'GL_COLOR_MATERIAL_PARAMETER' 'I' @724  2902 (b56)
 - public static final 'GL_COLOR_MATERIAL' 'I' @728  2903 (b57)
 - public static final 'GL_FOG' 'I' @732  2912 (b60)
 - public static final 'GL_FOG_INDEX' 'I' @736  2913 (b61)
 - public static final 'GL_FOG_DENSITY' 'I' @740  2914 (b62)
 - public static final 'GL_FOG_START' 'I' @744  2915 (b63)
 - public static final 'GL_FOG_END' 'I' @748  2916 (b64)
 - public static final 'GL_FOG_MODE' 'I' @752  2917 (b65)
 - public static final 'GL_FOG_COLOR' 'I' @756  2918 (b66)
 - public static final 'GL_DEPTH_RANGE' 'I' @760  2928 (b70)
 - public static final 'GL_DEPTH_TEST' 'I' @764  2929 (b71)
 - public static final 'GL_DEPTH_WRITEMASK' 'I' @768  2930 (b72)
 - public static final 'GL_DEPTH_CLEAR_VALUE' 'I' @772  2931 (b73)
 - public static final 'GL_DEPTH_FUNC' 'I' @776  2932 (b74)
 - public static final 'GL_ACCUM_CLEAR_VALUE' 'I' @780  2944 (b80)
 - public static final 'GL_STENCIL_TEST' 'I' @784  2960 (b90)
 - public static final 'GL_STENCIL_CLEAR_VALUE' 'I' @788  2961 (b91)
 - public static final 'GL_STENCIL_FUNC' 'I' @792  2962 (b92)
 - public static final 'GL_STENCIL_VALUE_MASK' 'I' @796  2963 (b93)
 - public static final 'GL_STENCIL_FAIL' 'I' @800  2964 (b94)
 - public static final 'GL_STENCIL_PASS_DEPTH_FAIL' 'I' @804  2965 (b95)
 - public static final 'GL_STENCIL_PASS_DEPTH_PASS' 'I' @808  2966 (b96)
 - public static final 'GL_STENCIL_REF' 'I' @812  2967 (b97)
 - public static final 'GL_STENCIL_WRITEMASK' 'I' @816  2968 (b98)
 - public static final 'GL_MATRIX_MODE' 'I' @820  2976 (ba0)
 - public static final 'GL_NORMALIZE' 'I' @824  2977 (ba1)
 - public static final 'GL_VIEWPORT' 'I' @828  2978 (ba2)
 - public static final 'GL_MODELVIEW_STACK_DEPTH' 'I' @832  2979 (ba3)
 - public static final 'GL_PROJECTION_STACK_DEPTH' 'I' @836  2980 (ba4)
 - public static final 'GL_TEXTURE_STACK_DEPTH' 'I' @840  2981 (ba5)
 - public static final 'GL_MODELVIEW_MATRIX' 'I' @844  2982 (ba6)
 - public static final 'GL_PROJECTION_MATRIX' 'I' @848  2983 (ba7)
 - public static final 'GL_TEXTURE_MATRIX' 'I' @852  2984 (ba8)
 - public static final 'GL_ATTRIB_STACK_DEPTH' 'I' @856  2992 (bb0)
 - public static final 'GL_CLIENT_ATTRIB_STACK_DEPTH' 'I' @860  2993 (bb1)
 - public static final 'GL_ALPHA_TEST' 'I' @864  3008 (bc0)
 - public static final 'GL_ALPHA_TEST_FUNC' 'I' @868  3009 (bc1)
 - public static final 'GL_ALPHA_TEST_REF' 'I' @872  3010 (bc2)
 - public static final 'GL_DITHER' 'I' @876  3024 (bd0)
 - public static final 'GL_BLEND_DST' 'I' @880  3040 (be0)
 - public static final 'GL_BLEND_SRC' 'I' @884  3041 (be1)
 - public static final 'GL_BLEND' 'I' @888  3042 (be2)
 - public static final 'GL_LOGIC_OP_MODE' 'I' @892  3056 (bf0)
 - public static final 'GL_INDEX_LOGIC_OP' 'I' @896  3057 (bf1)
 - public static final 'GL_LOGIC_OP' 'I' @900  3057 (bf1)
 - public static final 'GL_COLOR_LOGIC_OP' 'I' @904  3058 (bf2)
 - public static final 'GL_AUX_BUFFERS' 'I' @908  3072 (c00)
 - public static final 'GL_DRAW_BUFFER' 'I' @912  3073 (c01)
 - public static final 'GL_READ_BUFFER' 'I' @916  3074 (c02)
 - public static final 'GL_SCISSOR_BOX' 'I' @920  3088 (c10)
 - public static final 'GL_SCISSOR_TEST' 'I' @924  3089 (c11)
 - public static final 'GL_INDEX_CLEAR_VALUE' 'I' @928  3104 (c20)
 - public static final 'GL_INDEX_WRITEMASK' 'I' @932  3105 (c21)
 - public static final 'GL_COLOR_CLEAR_VALUE' 'I' @936  3106 (c22)
 - public static final 'GL_COLOR_WRITEMASK' 'I' @940  3107 (c23)
 - public static final 'GL_INDEX_MODE' 'I' @944  3120 (c30)
 - public static final 'GL_RGBA_MODE' 'I' @948  3121 (c31)
 - public static final 'GL_DOUBLEBUFFER' 'I' @952  3122 (c32)
 - public static final 'GL_STEREO' 'I' @956  3123 (c33)
 - public static final 'GL_RENDER_MODE' 'I' @960  3136 (c40)
 - public static final 'GL_PERSPECTIVE_CORRECTION_HINT' 'I' @964  3152 (c50)
 - public static final 'GL_POINT_SMOOTH_HINT' 'I' @968  3153 (c51)
 - public static final 'GL_LINE_SMOOTH_HINT' 'I' @972  3154 (c52)
 - public static final 'GL_POLYGON_SMOOTH_HINT' 'I' @976  3155 (c53)
 - public static final 'GL_FOG_HINT' 'I' @980  3156 (c54)
 - public static final 'GL_TEXTURE_GEN_S' 'I' @984  3168 (c60)
 - public static final 'GL_TEXTURE_GEN_T' 'I' @988  3169 (c61)
 - public static final 'GL_TEXTURE_GEN_R' 'I' @992  3170 (c62)
 - public static final 'GL_TEXTURE_GEN_Q' 'I' @996  3171 (c63)
 - public static final 'GL_PIXEL_MAP_I_TO_I' 'I' @1000  3184 (c70)
 - public static final 'GL_PIXEL_MAP_S_TO_S' 'I' @1004  3185 (c71)
 - public static final 'GL_PIXEL_MAP_I_TO_R' 'I' @1008  3186 (c72)
 - public static final 'GL_PIXEL_MAP_I_TO_G' 'I' @1012  3187 (c73)
 - public static final 'GL_PIXEL_MAP_I_TO_B' 'I' @1016  3188 (c74)
 - public static final 'GL_PIXEL_MAP_I_TO_A' 'I' @1020  3189 (c75)
 - public static final 'GL_PIXEL_MAP_R_TO_R' 'I' @1024  3190 (c76)
 - public static final 'GL_PIXEL_MAP_G_TO_G' 'I' @1028  3191 (c77)
 - public static final 'GL_PIXEL_MAP_B_TO_B' 'I' @1032  3192 (c78)
 - public static final 'GL_PIXEL_MAP_A_TO_A' 'I' @1036  3193 (c79)
 - public static final 'GL_PIXEL_MAP_I_TO_I_SIZE' 'I' @1040  3248 (cb0)
 - public static final 'GL_PIXEL_MAP_S_TO_S_SIZE' 'I' @1044  3249 (cb1)
 - public static final 'GL_PIXEL_MAP_I_TO_R_SIZE' 'I' @1048  3250 (cb2)
 - public static final 'GL_PIXEL_MAP_I_TO_G_SIZE' 'I' @1052  3251 (cb3)
 - public static final 'GL_PIXEL_MAP_I_TO_B_SIZE' 'I' @1056  3252 (cb4)
 - public static final 'GL_PIXEL_MAP_I_TO_A_SIZE' 'I' @1060  3253 (cb5)
 - public static final 'GL_PIXEL_MAP_R_TO_R_SIZE' 'I' @1064  3254 (cb6)
 - public static final 'GL_PIXEL_MAP_G_TO_G_SIZE' 'I' @1068  3255 (cb7)
 - public static final 'GL_PIXEL_MAP_B_TO_B_SIZE' 'I' @1072  3256 (cb8)
 - public static final 'GL_PIXEL_MAP_A_TO_A_SIZE' 'I' @1076  3257 (cb9)
 - public static final 'GL_UNPACK_SWAP_BYTES' 'I' @1080  3312 (cf0)
 - public static final 'GL_UNPACK_LSB_FIRST' 'I' @1084  3313 (cf1)
 - public static final 'GL_UNPACK_ROW_LENGTH' 'I' @1088  3314 (cf2)
 - public static final 'GL_UNPACK_SKIP_ROWS' 'I' @1092  3315 (cf3)
 - public static final 'GL_UNPACK_SKIP_PIXELS' 'I' @1096  3316 (cf4)
 - public static final 'GL_UNPACK_ALIGNMENT' 'I' @1100  3317 (cf5)
 - public static final 'GL_PACK_SWAP_BYTES' 'I' @1104  3328 (d00)
 - public static final 'GL_PACK_LSB_FIRST' 'I' @1108  3329 (d01)
 - public static final 'GL_PACK_ROW_LENGTH' 'I' @1112  3330 (d02)
 - public static final 'GL_PACK_SKIP_ROWS' 'I' @1116  3331 (d03)
 - public static final 'GL_PACK_SKIP_PIXELS' 'I' @1120  3332 (d04)
 - public static final 'GL_PACK_ALIGNMENT' 'I' @1124  3333 (d05)
 - public static final 'GL_MAP_COLOR' 'I' @1128  3344 (d10)
 - public static final 'GL_MAP_STENCIL' 'I' @1132  3345 (d11)
 - public static final 'GL_INDEX_SHIFT' 'I' @1136  3346 (d12)
 - public static final 'GL_INDEX_OFFSET' 'I' @1140  3347 (d13)
 - public static final 'GL_RED_SCALE' 'I' @1144  3348 (d14)
 - public static final 'GL_RED_BIAS' 'I' @1148  3349 (d15)
 - public static final 'GL_ZOOM_X' 'I' @1152  3350 (d16)
 - public static final 'GL_ZOOM_Y' 'I' @1156  3351 (d17)
 - public static final 'GL_GREEN_SCALE' 'I' @1160  3352 (d18)
 - public static final 'GL_GREEN_BIAS' 'I' @1164  3353 (d19)
 - public static final 'GL_BLUE_SCALE' 'I' @1168  3354 (d1a)
 - public static final 'GL_BLUE_BIAS' 'I' @1172  3355 (d1b)
 - public static final 'GL_ALPHA_SCALE' 'I' @1176  3356 (d1c)
 - public static final 'GL_ALPHA_BIAS' 'I' @1180  3357 (d1d)
 - public static final 'GL_DEPTH_SCALE' 'I' @1184  3358 (d1e)
 - public static final 'GL_DEPTH_BIAS' 'I' @1188  3359 (d1f)
 - public static final 'GL_MAX_EVAL_ORDER' 'I' @1192  3376 (d30)
 - public static final 'GL_MAX_LIGHTS' 'I' @1196  3377 (d31)
 - public static final 'GL_MAX_CLIP_PLANES' 'I' @1200  3378 (d32)
 - public static final 'GL_MAX_TEXTURE_SIZE' 'I' @1204  3379 (d33)
 - public static final 'GL_MAX_PIXEL_MAP_TABLE' 'I' @1208  3380 (d34)
 - public static final 'GL_MAX_ATTRIB_STACK_DEPTH' 'I' @1212  3381 (d35)
 - public static final 'GL_MAX_MODELVIEW_STACK_DEPTH' 'I' @1216  3382 (d36)
 - public static final 'GL_MAX_NAME_STACK_DEPTH' 'I' @1220  3383 (d37)
 - public static final 'GL_MAX_PROJECTION_STACK_DEPTH' 'I' @1224  3384 (d38)
 - public static final 'GL_MAX_TEXTURE_STACK_DEPTH' 'I' @1228  3385 (d39)
 - public static final 'GL_MAX_VIEWPORT_DIMS' 'I' @1232  3386 (d3a)
 - public static final 'GL_MAX_CLIENT_ATTRIB_STACK_DEPTH' 'I' @1236  3387 (d3b)
 - public static final 'GL_SUBPIXEL_BITS' 'I' @1240  3408 (d50)
 - public static final 'GL_INDEX_BITS' 'I' @1244  3409 (d51)
 - public static final 'GL_RED_BITS' 'I' @1248  3410 (d52)
 - public static final 'GL_GREEN_BITS' 'I' @1252  3411 (d53)
 - public static final 'GL_BLUE_BITS' 'I' @1256  3412 (d54)
 - public static final 'GL_ALPHA_BITS' 'I' @1260  3413 (d55)
 - public static final 'GL_DEPTH_BITS' 'I' @1264  3414 (d56)
 - public static final 'GL_STENCIL_BITS' 'I' @1268  3415 (d57)
 - public static final 'GL_ACCUM_RED_BITS' 'I' @1272  3416 (d58)
 - public static final 'GL_ACCUM_GREEN_BITS' 'I' @1276  3417 (d59)
 - public static final 'GL_ACCUM_BLUE_BITS' 'I' @1280  3418 (d5a)
 - public static final 'GL_ACCUM_ALPHA_BITS' 'I' @1284  3419 (d5b)
 - public static final 'GL_NAME_STACK_DEPTH' 'I' @1288  3440 (d70)
 - public static final 'GL_AUTO_NORMAL' 'I' @1292  3456 (d80)
 - public static final 'GL_MAP1_COLOR_4' 'I' @1296  3472 (d90)
 - public static final 'GL_MAP1_INDEX' 'I' @1300  3473 (d91)
 - public static final 'GL_MAP1_NORMAL' 'I' @1304  3474 (d92)
 - public static final 'GL_MAP1_TEXTURE_COORD_1' 'I' @1308  3475 (d93)
 - public static final 'GL_MAP1_TEXTURE_COORD_2' 'I' @1312  3476 (d94)
 - public static final 'GL_MAP1_TEXTURE_COORD_3' 'I' @1316  3477 (d95)
 - public static final 'GL_MAP1_TEXTURE_COORD_4' 'I' @1320  3478 (d96)
 - public static final 'GL_MAP1_VERTEX_3' 'I' @1324  3479 (d97)
 - public static final 'GL_MAP1_VERTEX_4' 'I' @1328  3480 (d98)
 - public static final 'GL_MAP2_COLOR_4' 'I' @1332  3504 (db0)
 - public static final 'GL_MAP2_INDEX' 'I' @1336  3505 (db1)
 - public static final 'GL_MAP2_NORMAL' 'I' @1340  3506 (db2)
 - public static final 'GL_MAP2_TEXTURE_COORD_1' 'I' @1344  3507 (db3)
 - public static final 'GL_MAP2_TEXTURE_COORD_2' 'I' @1348  3508 (db4)
 - public static final 'GL_MAP2_TEXTURE_COORD_3' 'I' @1352  3509 (db5)
 - public static final 'GL_MAP2_TEXTURE_COORD_4' 'I' @1356  3510 (db6)
 - public static final 'GL_MAP2_VERTEX_3' 'I' @1360  3511 (db7)
 - public static final 'GL_MAP2_VERTEX_4' 'I' @1364  3512 (db8)
 - public static final 'GL_MAP1_GRID_DOMAIN' 'I' @1368  3536 (dd0)
 - public static final 'GL_MAP1_GRID_SEGMENTS' 'I' @1372  3537 (dd1)
 - public static final 'GL_MAP2_GRID_DOMAIN' 'I' @1376  3538 (dd2)
 - public static final 'GL_MAP2_GRID_SEGMENTS' 'I' @1380  3539 (dd3)
 - public static final 'GL_TEXTURE_1D' 'I' @1384  3552 (de0)
 - public static final 'GL_TEXTURE_2D' 'I' @1388  3553 (de1)
 - public static final 'GL_FEEDBACK_BUFFER_POINTER' 'I' @1392  3568 (df0)
 - public static final 'GL_FEEDBACK_BUFFER_SIZE' 'I' @1396  3569 (df1)
 - public static final 'GL_FEEDBACK_BUFFER_TYPE' 'I' @1400  3570 (df2)
 - public static final 'GL_SELECTION_BUFFER_POINTER' 'I' @1404  3571 (df3)
 - public static final 'GL_SELECTION_BUFFER_SIZE' 'I' @1408  3572 (df4)
 - public static final 'GL_TEXTURE_WIDTH' 'I' @1412  4096 (1000)
 - public static final 'GL_TEXTURE_HEIGHT' 'I' @1416  4097 (1001)
 - public static final 'GL_TEXTURE_INTERNAL_FORMAT' 'I' @1420  4099 (1003)
 - public static final 'GL_TEXTURE_COMPONENTS' 'I' @1424  4099 (1003)
 - public static final 'GL_TEXTURE_BORDER_COLOR' 'I' @1428  4100 (1004)
 - public static final 'GL_TEXTURE_BORDER' 'I' @1432  4101 (1005)
 - public static final 'GL_DONT_CARE' 'I' @1436  4352 (1100)
 - public static final 'GL_FASTEST' 'I' @1440  4353 (1101)
 - public static final 'GL_NICEST' 'I' @1444  4354 (1102)
 - public static final 'GL_LIGHT0' 'I' @1448  16384 (4000)
 - public static final 'GL_LIGHT1' 'I' @1452  16385 (4001)
 - public static final 'GL_LIGHT2' 'I' @1456  16386 (4002)
 - public static final 'GL_LIGHT3' 'I' @1460  16387 (4003)
 - public static final 'GL_LIGHT4' 'I' @1464  16388 (4004)
 - public static final 'GL_LIGHT5' 'I' @1468  16389 (4005)
 - public static final 'GL_LIGHT6' 'I' @1472  16390 (4006)
 - public static final 'GL_LIGHT7' 'I' @1476  16391 (4007)
 - public static final 'GL_AMBIENT' 'I' @1480  4608 (1200)
 - public static final 'GL_DIFFUSE' 'I' @1484  4609 (1201)
 - public static final 'GL_SPECULAR' 'I' @1488  4610 (1202)
 - public static final 'GL_POSITION' 'I' @1492  4611 (1203)
 - public static final 'GL_SPOT_DIRECTION' 'I' @1496  4612 (1204)
 - public static final 'GL_SPOT_EXPONENT' 'I' @1500  4613 (1205)
 - public static final 'GL_SPOT_CUTOFF' 'I' @1504  4614 (1206)
 - public static final 'GL_CONSTANT_ATTENUATION' 'I' @1508  4615 (1207)
 - public static final 'GL_LINEAR_ATTENUATION' 'I' @1512  4616 (1208)
 - public static final 'GL_QUADRATIC_ATTENUATION' 'I' @1516  4617 (1209)
 - public static final 'GL_COMPILE' 'I' @1520  4864 (1300)
 - public static final 'GL_COMPILE_AND_EXECUTE' 'I' @1524  4865 (1301)
 - public static final 'GL_CLEAR' 'I' @1528  5376 (1500)
 - public static final 'GL_AND' 'I' @1532  5377 (1501)
 - public static final 'GL_AND_REVERSE' 'I' @1536  5378 (1502)
 - public static final 'GL_COPY' 'I' @1540  5379 (1503)
 - public static final 'GL_AND_INVERTED' 'I' @1544  5380 (1504)
 - public static final 'GL_NOOP' 'I' @1548  5381 (1505)
 - public static final 'GL_XOR' 'I' @1552  5382 (1506)
 - public static final 'GL_OR' 'I' @1556  5383 (1507)
 - public static final 'GL_NOR' 'I' @1560  5384 (1508)
 - public static final 'GL_EQUIV' 'I' @1564  5385 (1509)
 - public static final 'GL_INVERT' 'I' @1568  5386 (150a)
 - public static final 'GL_OR_REVERSE' 'I' @1572  5387 (150b)
 - public static final 'GL_COPY_INVERTED' 'I' @1576  5388 (150c)
 - public static final 'GL_OR_INVERTED' 'I' @1580  5389 (150d)
 - public static final 'GL_NAND' 'I' @1584  5390 (150e)
 - public static final 'GL_SET' 'I' @1588  5391 (150f)
 - public static final 'GL_EMISSION' 'I' @1592  5632 (1600)
 - public static final 'GL_SHININESS' 'I' @1596  5633 (1601)
 - public static final 'GL_AMBIENT_AND_DIFFUSE' 'I' @1600  5634 (1602)
 - public static final 'GL_COLOR_INDEXES' 'I' @1604  5635 (1603)
 - public static final 'GL_MODELVIEW' 'I' @1608  5888 (1700)
 - public static final 'GL_PROJECTION' 'I' @1612  5889 (1701)
 - public static final 'GL_TEXTURE' 'I' @1616  5890 (1702)
 - public static final 'GL_COLOR' 'I' @1620  6144 (1800)
 - public static final 'GL_DEPTH' 'I' @1624  6145 (1801)
 - public static final 'GL_STENCIL' 'I' @1628  6146 (1802)
 - public static final 'GL_COLOR_INDEX' 'I' @1632  6400 (1900)
 - public static final 'GL_STENCIL_INDEX' 'I' @1636  6401 (1901)
 - public static final 'GL_DEPTH_COMPONENT' 'I' @1640  6402 (1902)
 - public static final 'GL_RED' 'I' @1644  6403 (1903)
 - public static final 'GL_GREEN' 'I' @1648  6404 (1904)
 - public static final 'GL_BLUE' 'I' @1652  6405 (1905)
 - public static final 'GL_ALPHA' 'I' @1656  6406 (1906)
 - public static final 'GL_RGB' 'I' @1660  6407 (1907)
 - public static final 'GL_RGBA' 'I' @1664  6408 (1908)
 - public static final 'GL_LUMINANCE' 'I' @1668  6409 (1909)
 - public static final 'GL_LUMINANCE_ALPHA' 'I' @1672  6410 (190a)
 - public static final 'GL_BITMAP' 'I' @1676  6656 (1a00)
 - public static final 'GL_POINT' 'I' @1680  6912 (1b00)
 - public static final 'GL_LINE' 'I' @1684  6913 (1b01)
 - public static final 'GL_FILL' 'I' @1688  6914 (1b02)
 - public static final 'GL_RENDER' 'I' @1692  7168 (1c00)
 - public static final 'GL_FEEDBACK' 'I' @1696  7169 (1c01)
 - public static final 'GL_SELECT' 'I' @1700  7170 (1c02)
 - public static final 'GL_FLAT' 'I' @1704  7424 (1d00)
 - public static final 'GL_SMOOTH' 'I' @1708  7425 (1d01)
 - public static final 'GL_KEEP' 'I' @1712  7680 (1e00)
 - public static final 'GL_REPLACE' 'I' @1716  7681 (1e01)
 - public static final 'GL_INCR' 'I' @1720  7682 (1e02)
 - public static final 'GL_DECR' 'I' @1724  7683 (1e03)
 - public static final 'GL_VENDOR' 'I' @1728  7936 (1f00)
 - public static final 'GL_RENDERER' 'I' @1732  7937 (1f01)
 - public static final 'GL_VERSION' 'I' @1736  7938 (1f02)
 - public static final 'GL_EXTENSIONS' 'I' @1740  7939 (1f03)
 - public static final 'GL_S' 'I' @1744  8192 (2000)
 - public static final 'GL_T' 'I' @1748  8193 (2001)
 - public static final 'GL_R' 'I' @1752  8194 (2002)
 - public static final 'GL_Q' 'I' @1756  8195 (2003)
 - public static final 'GL_MODULATE' 'I' @1760  8448 (2100)
 - public static final 'GL_DECAL' 'I' @1764  8449 (2101)
 - public static final 'GL_TEXTURE_ENV_MODE' 'I' @1768  8704 (2200)
 - public static final 'GL_TEXTURE_ENV_COLOR' 'I' @1772  8705 (2201)
 - public static final 'GL_TEXTURE_ENV' 'I' @1776  8960 (2300)
 - public static final 'GL_EYE_LINEAR' 'I' @1780  9216 (2400)
 - public static final 'GL_OBJECT_LINEAR' 'I' @1784  9217 (2401)
 - public static final 'GL_SPHERE_MAP' 'I' @1788  9218 (2402)
 - public static final 'GL_TEXTURE_GEN_MODE' 'I' @1792  9472 (2500)
 - public static final 'GL_OBJECT_PLANE' 'I' @1796  9473 (2501)
 - public static final 'GL_EYE_PLANE' 'I' @1800  9474 (2502)
 - public static final 'GL_NEAREST' 'I' @1804  9728 (2600)
 - public static final 'GL_LINEAR' 'I' @1808  9729 (2601)
 - public static final 'GL_NEAREST_MIPMAP_NEAREST' 'I' @1812  9984 (2700)
 - public static final 'GL_LINEAR_MIPMAP_NEAREST' 'I' @1816  9985 (2701)
 - public static final 'GL_NEAREST_MIPMAP_LINEAR' 'I' @1820  9986 (2702)
 - public static final 'GL_LINEAR_MIPMAP_LINEAR' 'I' @1824  9987 (2703)
 - public static final 'GL_TEXTURE_MAG_FILTER' 'I' @1828  10240 (2800)
 - public static final 'GL_TEXTURE_MIN_FILTER' 'I' @1832  10241 (2801)
 - public static final 'GL_TEXTURE_WRAP_S' 'I' @1836  10242 (2802)
 - public static final 'GL_TEXTURE_WRAP_T' 'I' @1840  10243 (2803)
 - public static final 'GL_CLAMP' 'I' @1844  10496 (2900)
 - public static final 'GL_REPEAT' 'I' @1848  10497 (2901)
 - public static final 'GL_CLIENT_PIXEL_STORE_BIT' 'I' @1852  1
 - public static final 'GL_CLIENT_VERTEX_ARRAY_BIT' 'I' @1856  2
 - public static final 'GL_CLIENT_ALL_ATTRIB_BITS' 'I' @1860  -1 (ffffffff)
 - public static final 'GL_POLYGON_OFFSET_FACTOR' 'I' @1864  32824 (8038)
 - public static final 'GL_POLYGON_OFFSET_UNITS' 'I' @1868  10752 (2a00)
 - public static final 'GL_POLYGON_OFFSET_POINT' 'I' @1872  10753 (2a01)
 - public static final 'GL_POLYGON_OFFSET_LINE' 'I' @1876  10754 (2a02)
 - public static final 'GL_POLYGON_OFFSET_FILL' 'I' @1880  32823 (8037)
 - public static final 'GL_ALPHA4' 'I' @1884  32827 (803b)
 - public static final 'GL_ALPHA8' 'I' @1888  32828 (803c)
 - public static final 'GL_ALPHA12' 'I' @1892  32829 (803d)
 - public static final 'GL_ALPHA16' 'I' @1896  32830 (803e)
 - public static final 'GL_LUMINANCE4' 'I' @1900  32831 (803f)
 - public static final 'GL_LUMINANCE8' 'I' @1904  32832 (8040)
 - public static final 'GL_LUMINANCE12' 'I' @1908  32833 (8041)
 - public static final 'GL_LUMINANCE16' 'I' @1912  32834 (8042)
 - public static final 'GL_LUMINANCE4_ALPHA4' 'I' @1916  32835 (8043)
 - public static final 'GL_LUMINANCE6_ALPHA2' 'I' @1920  32836 (8044)
 - public static final 'GL_LUMINANCE8_ALPHA8' 'I' @1924  32837 (8045)
 - public static final 'GL_LUMINANCE12_ALPHA4' 'I' @1928  32838 (8046)
 - public static final 'GL_LUMINANCE12_ALPHA12' 'I' @1932  32839 (8047)
 - public static final 'GL_LUMINANCE16_ALPHA16' 'I' @1936  32840 (8048)
 - public static final 'GL_INTENSITY' 'I' @1940  32841 (8049)
 - public static final 'GL_INTENSITY4' 'I' @1944  32842 (804a)
 - public static final 'GL_INTENSITY8' 'I' @1948  32843 (804b)
 - public static final 'GL_INTENSITY12' 'I' @1952  32844 (804c)
 - public static final 'GL_INTENSITY16' 'I' @1956  32845 (804d)
 - public static final 'GL_R3_G3_B2' 'I' @1960  10768 (2a10)
 - public static final 'GL_RGB4' 'I' @1964  32847 (804f)
 - public static final 'GL_RGB5' 'I' @1968  32848 (8050)
 - public static final 'GL_RGB8' 'I' @1972  32849 (8051)
 - public static final 'GL_RGB10' 'I' @1976  32850 (8052)
 - public static final 'GL_RGB12' 'I' @1980  32851 (8053)
 - public static final 'GL_RGB16' 'I' @1984  32852 (8054)
 - public static final 'GL_RGBA2' 'I' @1988  32853 (8055)
 - public static final 'GL_RGBA4' 'I' @1992  32854 (8056)
 - public static final 'GL_RGB5_A1' 'I' @1996  32855 (8057)
 - public static final 'GL_RGBA8' 'I' @2000  32856 (8058)
 - public static final 'GL_RGB10_A2' 'I' @2004  32857 (8059)
 - public static final 'GL_RGBA12' 'I' @2008  32858 (805a)
 - public static final 'GL_RGBA16' 'I' @2012  32859 (805b)
 - public static final 'GL_TEXTURE_RED_SIZE' 'I' @2016  32860 (805c)
 - public static final 'GL_TEXTURE_GREEN_SIZE' 'I' @2020  32861 (805d)
 - public static final 'GL_TEXTURE_BLUE_SIZE' 'I' @2024  32862 (805e)
 - public static final 'GL_TEXTURE_ALPHA_SIZE' 'I' @2028  32863 (805f)
 - public static final 'GL_TEXTURE_LUMINANCE_SIZE' 'I' @2032  32864 (8060)
 - public static final 'GL_TEXTURE_INTENSITY_SIZE' 'I' @2036  32865 (8061)
 - public static final 'GL_PROXY_TEXTURE_1D' 'I' @2040  32867 (8063)
 - public static final 'GL_PROXY_TEXTURE_2D' 'I' @2044  32868 (8064)
 - public static final 'GL_TEXTURE_PRIORITY' 'I' @2048  32870 (8066)
 - public static final 'GL_TEXTURE_RESIDENT' 'I' @2052  32871 (8067)
 - public static final 'GL_TEXTURE_BINDING_1D' 'I' @2056  32872 (8068)
 - public static final 'GL_TEXTURE_BINDING_2D' 'I' @2060  32873 (8069)
 - public static final 'GL_VERTEX_ARRAY' 'I' @2064  32884 (8074)
 - public static final 'GL_NORMAL_ARRAY' 'I' @2068  32885 (8075)
 - public static final 'GL_COLOR_ARRAY' 'I' @2072  32886 (8076)
 - public static final 'GL_INDEX_ARRAY' 'I' @2076  32887 (8077)
 - public static final 'GL_TEXTURE_COORD_ARRAY' 'I' @2080  32888 (8078)
 - public static final 'GL_EDGE_FLAG_ARRAY' 'I' @2084  32889 (8079)
 - public static final 'GL_VERTEX_ARRAY_SIZE' 'I' @2088  32890 (807a)
 - public static final 'GL_VERTEX_ARRAY_TYPE' 'I' @2092  32891 (807b)
 - public static final 'GL_VERTEX_ARRAY_STRIDE' 'I' @2096  32892 (807c)
 - public static final 'GL_NORMAL_ARRAY_TYPE' 'I' @2100  32894 (807e)
 - public static final 'GL_NORMAL_ARRAY_STRIDE' 'I' @2104  32895 (807f)
 - public static final 'GL_COLOR_ARRAY_SIZE' 'I' @2108  32897 (8081)
 - public static final 'GL_COLOR_ARRAY_TYPE' 'I' @2112  32898 (8082)
 - public static final 'GL_COLOR_ARRAY_STRIDE' 'I' @2116  32899 (8083)
 - public static final 'GL_INDEX_ARRAY_TYPE' 'I' @2120  32901 (8085)
 - public static final 'GL_INDEX_ARRAY_STRIDE' 'I' @2124  32902 (8086)
 - public static final 'GL_TEXTURE_COORD_ARRAY_SIZE' 'I' @2128  32904 (8088)
 - public static final 'GL_TEXTURE_COORD_ARRAY_TYPE' 'I' @2132  32905 (8089)
 - public static final 'GL_TEXTURE_COORD_ARRAY_STRIDE' 'I' @2136  32906 (808a)
 - public static final 'GL_EDGE_FLAG_ARRAY_STRIDE' 'I' @2140  32908 (808c)
 - public static final 'GL_VERTEX_ARRAY_POINTER' 'I' @2144  32910 (808e)
 - public static final 'GL_NORMAL_ARRAY_POINTER' 'I' @2148  32911 (808f)
 - public static final 'GL_COLOR_ARRAY_POINTER' 'I' @2152  32912 (8090)
 - public static final 'GL_INDEX_ARRAY_POINTER' 'I' @2156  32913 (8091)
 - public static final 'GL_TEXTURE_COORD_ARRAY_POINTER' 'I' @2160  32914 (8092)
 - public static final 'GL_EDGE_FLAG_ARRAY_POINTER' 'I' @2164  32915 (8093)
 - public static final 'GL_V2F' 'I' @2168  10784 (2a20)
 - public static final 'GL_V3F' 'I' @2172  10785 (2a21)
 - public static final 'GL_C4UB_V2F' 'I' @2176  10786 (2a22)
 - public static final 'GL_C4UB_V3F' 'I' @2180  10787 (2a23)
 - public static final 'GL_C3F_V3F' 'I' @2184  10788 (2a24)
 - public static final 'GL_N3F_V3F' 'I' @2188  10789 (2a25)
 - public static final 'GL_C4F_N3F_V3F' 'I' @2192  10790 (2a26)
 - public static final 'GL_T2F_V3F' 'I' @2196  10791 (2a27)
 - public static final 'GL_T4F_V4F' 'I' @2200  10792 (2a28)
 - public static final 'GL_T2F_C4UB_V3F' 'I' @2204  10793 (2a29)
 - public static final 'GL_T2F_C3F_V3F' 'I' @2208  10794 (2a2a)
 - public static final 'GL_T2F_N3F_V3F' 'I' @2212  10795 (2a2b)
 - public static final 'GL_T2F_C4F_N3F_V3F' 'I' @2216  10796 (2a2c)
 - public static final 'GL_T4F_C4F_N3F_V4F' 'I' @2220  10797 (2a2d)
R12=0x0 is NULL
R13={method} {0x000001bfc1dde6f0} 'nglMultMatrixf' '(J)V' in 'org/lwjgl/opengl/GL11'
R14=0x000000bf96aff628 is pointing into the stack for thread: 0x000001bfa2be3fd0
R15=0x000001bfa2be3fd0 is a thread


Top of Stack: (sp=0x000000bf96aff4f8)
0x000000bf96aff4f8:   00007fffed589ee9 000000bf96aff600
0x000000bf96aff508:   00007ffff4ddd095 3ff0000000000000
0x000000bf96aff518:   000000000000017d 000001bfa2be3fd0
0x000000bf96aff528:   00000000ffffffff 000001bfc1dde6e8
0x000000bf96aff538:   000001bfa2be3fd0 0000000000000120
0x000000bf96aff548:   000001bfb209f7cf 000001bfc1dde6e8
0x000000bf96aff558:   000001bfc1dde6e8 000001bfa2be3fd0
0x000000bf96aff568:   000000bf96aff5c8 0000000000000120
0x000000bf96aff578:   000001bfb209f95d 000000bf96aff600
0x000000bf96aff588:   0000000000000010 000001bfc1dde6e8
0x000000bf96aff598:   0000000000000010 000000bf96aff618
0x000000bf96aff5a8:   000001bfb209b865 000001bfb209f5f6
0x000000bf96aff5b8:   000000bf96aff5b8 000001bfc1dde6e8
0x000000bf96aff5c8:   000000bf96aff628 000001bfc1df9300
0x000000bf96aff5d8:   0000000000000000 0000000089373b60
0x000000bf96aff5e8:   000001bfc1dde6e8 0000000000000000 

Instructions: (pc=0x00007fffed3f1360)
0x00007fffed3f1260:   e0 7f eb 9c 66 66 66 66 0f 1f 84 00 00 00 00 00
0x00007fffed3f1270:   49 8b d1 4c 8d 0d 86 ed ae ff 49 83 e0 1f 43 8b
0x00007fffed3f1280:   84 81 80 d0 f7 00 4c 03 c8 49 03 c8 49 8b c3 41
0x00007fffed3f1290:   ff e1 66 66 66 66 66 66 0f 1f 84 00 00 00 00 00
0x00007fffed3f12a0:   48 89 51 f1 89 51 f9 66 89 51 fd 88 51 ff c3 90
0x00007fffed3f12b0:   48 89 51 f4 89 51 fc c3 48 89 51 f7 88 51 ff c3
0x00007fffed3f12c0:   48 89 51 f3 89 51 fb 88 51 ff c3 0f 1f 44 00 00
0x00007fffed3f12d0:   48 89 51 f2 89 51 fa 66 89 51 fe c3 48 89 10 c3
0x00007fffed3f12e0:   48 89 10 66 89 50 08 88 50 0a c3 0f 1f 44 00 00
0x00007fffed3f12f0:   48 89 10 66 89 50 08 c3 48 89 10 48 89 50 08 c3
0x00007fffed3f1300:   cc cc cc cc cc cc 66 66 0f 1f 84 00 00 00 00 00
0x00007fffed3f1310:   48 2b d1 49 83 f8 08 72 22 f6 c1 07 74 14 66 90
0x00007fffed3f1320:   8a 01 3a 04 11 75 2c 48 ff c1 49 ff c8 f6 c1 07
0x00007fffed3f1330:   75 ee 4d 8b c8 49 c1 e9 03 75 1f 4d 85 c0 74 0f
0x00007fffed3f1340:   8a 01 3a 04 11 75 0c 48 ff c1 49 ff c8 75 f1 48
0x00007fffed3f1350:   33 c0 c3 1b c0 83 d8 ff c3 90 49 c1 e9 02 74 37
0x00007fffed3f1360:   48 8b 01 48 3b 04 11 75 5b 48 8b 41 08 48 3b 44
0x00007fffed3f1370:   11 08 75 4c 48 8b 41 10 48 3b 44 11 10 75 3d 48
0x00007fffed3f1380:   8b 41 18 48 3b 44 11 18 75 2e 48 83 c1 20 49 ff
0x00007fffed3f1390:   c9 75 cd 49 83 e0 1f 4d 8b c8 49 c1 e9 03 74 9b
0x00007fffed3f13a0:   48 8b 01 48 3b 04 11 75 1b 48 83 c1 08 49 ff c9
0x00007fffed3f13b0:   75 ee 49 83 e0 07 eb 83 48 83 c1 08 48 83 c1 08
0x00007fffed3f13c0:   48 83 c1 08 48 8b 0c 0a 48 0f c8 48 0f c9 48 3b
0x00007fffed3f13d0:   c1 1b c0 83 d8 ff c3 cc cc cc cc cc cc cc cc cc
0x00007fffed3f13e0:   cc cc cc cc cc cc 66 66 0f 1f 84 00 00 00 00 00
0x00007fffed3f13f0:   49 83 f8 10 72 3b 0f b6 d2 b8 01 01 01 01 0f af
0x00007fffed3f1400:   d0 66 0f 6e c2 66 0f 70 c0 00 66 0f 1f 44 00 00
0x00007fffed3f1410:   f3 0f 6f 09 48 83 c1 10 49 83 e8 10 66 0f 74 c8
0x00007fffed3f1420:   66 48 0f d7 c1 48 0f bc c0 75 28 49 83 f8 10 73
0x00007fffed3f1430:   df 4d 85 c0 74 19 66 66 0f 1f 84 00 00 00 00 00
0x00007fffed3f1440:   8a 01 48 ff c1 32 c2 74 10 49 83 e8 01 75 f1 48
0x00007fffed3f1450:   33 c0 c3 48 8d 44 08 f0 c3 48 8d 41 ff c3 cc cc 


Stack slot to memory mapping:
stack at sp + 0 slots: 0x00007fffed589ee9 ig9icd64.dll
stack at sp + 1 slots: 0x000000bf96aff600 is pointing into the stack for thread: 0x000001bfa2be3fd0
stack at sp + 2 slots: 0x00007ffff4ddd095 jvm.dll
stack at sp + 3 slots: 0x3ff0000000000000 is an unknown value
stack at sp + 4 slots: 0x000000000000017d is an unknown value
stack at sp + 5 slots: 0x000001bfa2be3fd0 is a thread
stack at sp + 6 slots: 0x00000000ffffffff is an unallocated location in the heap
stack at sp + 7 slots: {method} {0x000001bfc1dde6f0} 'nglMultMatrixf' '(J)V' in 'org/lwjgl/opengl/GL11'


---------------  P R O C E S S  ---------------

Threads class SMR info:
_java_thread_list=0x000001bfc59712c0, length=13, elements={
0x000001bfa2be3fd0, 0x000001bfc13eb450, 0x000001bfc13ee150, 0x000001bfc13f0750,
0x000001bfc13f1080, 0x000001bfc13f19b0, 0x000001bfc13f2420, 0x000001bfc13f76d0,
0x000001bfc14031b0, 0x000001bfc1417730, 0x000001bfc13b9e80, 0x000001bfc5a62c70,
0x000001bfc5a631b0
}

Java Threads: ( => current thread )
=>0x000001bfa2be3fd0 JavaThread "main" [_thread_in_native, id=7848, stack(0x000000bf96a00000,0x000000bf96b00000)]
  0x000001bfc13eb450 JavaThread "Reference Handler" daemon [_thread_blocked, id=23460, stack(0x000000bf97100000,0x000000bf97200000)]
  0x000001bfc13ee150 JavaThread "Finalizer" daemon [_thread_blocked, id=8628, stack(0x000000bf97200000,0x000000bf97300000)]
  0x000001bfc13f0750 JavaThread "Signal Dispatcher" daemon [_thread_blocked, id=18268, stack(0x000000bf97300000,0x000000bf97400000)]
  0x000001bfc13f1080 JavaThread "Attach Listener" daemon [_thread_blocked, id=15996, stack(0x000000bf97400000,0x000000bf97500000)]
  0x000001bfc13f19b0 JavaThread "Service Thread" daemon [_thread_blocked, id=13984, stack(0x000000bf97500000,0x000000bf97600000)]
  0x000001bfc13f2420 JavaThread "Monitor Deflation Thread" daemon [_thread_blocked, id=17652, stack(0x000000bf97600000,0x000000bf97700000)]
  0x000001bfc13f76d0 JavaThread "C2 CompilerThread0" daemon [_thread_blocked, id=12928, stack(0x000000bf97700000,0x000000bf97800000)]
  0x000001bfc14031b0 JavaThread "C1 CompilerThread0" daemon [_thread_blocked, id=5124, stack(0x000000bf97800000,0x000000bf97900000)]
  0x000001bfc1417730 JavaThread "Sweeper thread" daemon [_thread_blocked, id=4984, stack(0x000000bf97900000,0x000000bf97a00000)]
  0x000001bfc13b9e80 JavaThread "Common-Cleaner" daemon [_thread_blocked, id=2168, stack(0x000000bf97a00000,0x000000bf97b00000)]
  0x000001bfc5a62c70 JavaThread "Monitor Ctrl-Break" daemon [_thread_in_native, id=18572, stack(0x000000bf97b00000,0x000000bf97c00000)]
  0x000001bfc5a631b0 JavaThread "Notification Thread" daemon [_thread_blocked, id=10440, stack(0x000000bf97c00000,0x000000bf97d00000)]

Other Threads:
  0x000001bfc13ca4a0 VMThread "VM Thread" [stack: 0x000000bf97000000,0x000000bf97100000] [id=16692]
  0x000001bfc13eb030 WatcherThread "VM Periodic Task Thread" [stack: 0x000000bf97d00000,0x000000bf97e00000] [id=20844]
  0x000001bfa2c42510 WorkerThread "GC Thread#0" [stack: 0x000000bf96b00000,0x000000bf96c00000] [id=8016]
  0x000001bfa2c551c0 ConcurrentGCThread "G1 Main Marker" [stack: 0x000000bf96c00000,0x000000bf96d00000] [id=2996]
  0x000001bfa2c562a0 WorkerThread "G1 Conc#0" [stack: 0x000000bf96d00000,0x000000bf96e00000] [id=23128]
  0x000001bfc12852d0 ConcurrentGCThread "G1 Refine#0" [stack: 0x000000bf96e00000,0x000000bf96f00000] [id=14520]
  0x000001bfc1285ac0 ConcurrentGCThread "G1 Service" [stack: 0x000000bf96f00000,0x000000bf97000000] [id=18676]

Threads with active compile tasks:

VM state: not at safepoint (normal execution)

VM Mutex/Monitor currently owned by a thread: None

Heap address: 0x0000000081c00000, size: 2020 MB, Compressed Oops mode: 32-bit

CDS archive(s) mapped at: [0x0000000800000000-0x0000000800c40000-0x0000000800c40000), size 12845056, SharedBaseAddress: 0x0000000800000000, ArchiveRelocationMode: 0.
Compressed class space mapped at: 0x0000000801000000-0x0000000841000000, reserved size: 1073741824
Narrow klass base: 0x0000000800000000, Narrow klass shift: 0, Narrow klass range: 0x100000000

GC Precious Log:
 CardTable entry size: 512
 Card Set container configuration: InlinePtr #cards 5 size 8 Array Of Cards #cards 12 size 40 Howl #buckets 4 coarsen threshold 1843 Howl Bitmap #cards 512 size 80 coarsen threshold 460 Card regions per heap region 1 cards per card region 2048
 CPUs: 8 total, 8 available
 Memory: 8078M
 Large Page Support: Disabled
 NUMA Support: Disabled
 Compressed Oops: Enabled (32-bit)
 Heap Region Size: 1M
 Heap Min Capacity: 8M
 Heap Initial Capacity: 128M
 Heap Max Capacity: 2020M
 Pre-touch: Disabled
 Parallel Workers: 8
 Concurrent Workers: 2
 Concurrent Refinement Workers: 8
 Periodic GC: Disabled

Heap:
 garbage-first heap   total 131072K, used 8192K [0x0000000081c00000, 0x0000000100000000)
  region size 1024K, 10 young (10240K), 0 survivors (0K)
 Metaspace       used 4783K, committed 4992K, reserved 1114112K
  class space    used 278K, committed 384K, reserved 1048576K

Heap Regions: E=young(eden), S=young(survivor), O=old, HS=humongous(starts), HC=humongous(continues), CS=collection set, F=free, OA=open archive, CA=closed archive, TAMS=top-at-mark-start (previous, next)
|   0|0x0000000081c00000, 0x0000000081c00000, 0x0000000081d00000|  0%| F|  |TAMS 0x0000000081c00000, 0x0000000081c00000| Untracked 
|   1|0x0000000081d00000, 0x0000000081d00000, 0x0000000081e00000|  0%| F|  |TAMS 0x0000000081d00000, 0x0000000081d00000| Untracked 
|   2|0x0000000081e00000, 0x0000000081e00000, 0x0000000081f00000|  0%| F|  |TAMS 0x0000000081e00000, 0x0000000081e00000| Untracked 
|   3|0x0000000081f00000, 0x0000000081f00000, 0x0000000082000000|  0%| F|  |TAMS 0x0000000081f00000, 0x0000000081f00000| Untracked 
|   4|0x0000000082000000, 0x0000000082000000, 0x0000000082100000|  0%| F|  |TAMS 0x0000000082000000, 0x0000000082000000| Untracked 
|   5|0x0000000082100000, 0x0000000082100000, 0x0000000082200000|  0%| F|  |TAMS 0x0000000082100000, 0x0000000082100000| Untracked 
|   6|0x0000000082200000, 0x0000000082200000, 0x0000000082300000|  0%| F|  |TAMS 0x0000000082200000, 0x0000000082200000| Untracked 
|   7|0x0000000082300000, 0x0000000082300000, 0x0000000082400000|  0%| F|  |TAMS 0x0000000082300000, 0x0000000082300000| Untracked 
|   8|0x0000000082400000, 0x0000000082400000, 0x0000000082500000|  0%| F|  |TAMS 0x0000000082400000, 0x0000000082400000| Untracked 
|   9|0x0000000082500000, 0x0000000082500000, 0x0000000082600000|  0%| F|  |TAMS 0x0000000082500000, 0x0000000082500000| Untracked 
|  10|0x0000000082600000, 0x0000000082600000, 0x0000000082700000|  0%| F|  |TAMS 0x0000000082600000, 0x0000000082600000| Untracked 
|  11|0x0000000082700000, 0x0000000082700000, 0x0000000082800000|  0%| F|  |TAMS 0x0000000082700000, 0x0000000082700000| Untracked 
|  12|0x0000000082800000, 0x0000000082800000, 0x0000000082900000|  0%| F|  |TAMS 0x0000000082800000, 0x0000000082800000| Untracked 
|  13|0x0000000082900000, 0x0000000082900000, 0x0000000082a00000|  0%| F|  |TAMS 0x0000000082900000, 0x0000000082900000| Untracked 
|  14|0x0000000082a00000, 0x0000000082a00000, 0x0000000082b00000|  0%| F|  |TAMS 0x0000000082a00000, 0x0000000082a00000| Untracked 
|  15|0x0000000082b00000, 0x0000000082b00000, 0x0000000082c00000|  0%| F|  |TAMS 0x0000000082b00000, 0x0000000082b00000| Untracked 
|  16|0x0000000082c00000, 0x0000000082c00000, 0x0000000082d00000|  0%| F|  |TAMS 0x0000000082c00000, 0x0000000082c00000| Untracked 
|  17|0x0000000082d00000, 0x0000000082d00000, 0x0000000082e00000|  0%| F|  |TAMS 0x0000000082d00000, 0x0000000082d00000| Untracked 
|  18|0x0000000082e00000, 0x0000000082e00000, 0x0000000082f00000|  0%| F|  |TAMS 0x0000000082e00000, 0x0000000082e00000| Untracked 
|  19|0x0000000082f00000, 0x0000000082f00000, 0x0000000083000000|  0%| F|  |TAMS 0x0000000082f00000, 0x0000000082f00000| Untracked 
|  20|0x0000000083000000, 0x0000000083000000, 0x0000000083100000|  0%| F|  |TAMS 0x0000000083000000, 0x0000000083000000| Untracked 
|  21|0x0000000083100000, 0x0000000083100000, 0x0000000083200000|  0%| F|  |TAMS 0x0000000083100000, 0x0000000083100000| Untracked 
|  22|0x0000000083200000, 0x0000000083200000, 0x0000000083300000|  0%| F|  |TAMS 0x0000000083200000, 0x0000000083200000| Untracked 
|  23|0x0000000083300000, 0x0000000083300000, 0x0000000083400000|  0%| F|  |TAMS 0x0000000083300000, 0x0000000083300000| Untracked 
|  24|0x0000000083400000, 0x0000000083400000, 0x0000000083500000|  0%| F|  |TAMS 0x0000000083400000, 0x0000000083400000| Untracked 
|  25|0x0000000083500000, 0x0000000083500000, 0x0000000083600000|  0%| F|  |TAMS 0x0000000083500000, 0x0000000083500000| Untracked 
|  26|0x0000000083600000, 0x0000000083600000, 0x0000000083700000|  0%| F|  |TAMS 0x0000000083600000, 0x0000000083600000| Untracked 
|  27|0x0000000083700000, 0x0000000083700000, 0x0000000083800000|  0%| F|  |TAMS 0x0000000083700000, 0x0000000083700000| Untracked 
|  28|0x0000000083800000, 0x0000000083800000, 0x0000000083900000|  0%| F|  |TAMS 0x0000000083800000, 0x0000000083800000| Untracked 
|  29|0x0000000083900000, 0x0000000083900000, 0x0000000083a00000|  0%| F|  |TAMS 0x0000000083900000, 0x0000000083900000| Untracked 
|  30|0x0000000083a00000, 0x0000000083a00000, 0x0000000083b00000|  0%| F|  |TAMS 0x0000000083a00000, 0x0000000083a00000| Untracked 
|  31|0x0000000083b00000, 0x0000000083b00000, 0x0000000083c00000|  0%| F|  |TAMS 0x0000000083b00000, 0x0000000083b00000| Untracked 
|  32|0x0000000083c00000, 0x0000000083c00000, 0x0000000083d00000|  0%| F|  |TAMS 0x0000000083c00000, 0x0000000083c00000| Untracked 
|  33|0x0000000083d00000, 0x0000000083d00000, 0x0000000083e00000|  0%| F|  |TAMS 0x0000000083d00000, 0x0000000083d00000| Untracked 
|  34|0x0000000083e00000, 0x0000000083e00000, 0x0000000083f00000|  0%| F|  |TAMS 0x0000000083e00000, 0x0000000083e00000| Untracked 
|  35|0x0000000083f00000, 0x0000000083f00000, 0x0000000084000000|  0%| F|  |TAMS 0x0000000083f00000, 0x0000000083f00000| Untracked 
|  36|0x0000000084000000, 0x0000000084000000, 0x0000000084100000|  0%| F|  |TAMS 0x0000000084000000, 0x0000000084000000| Untracked 
|  37|0x0000000084100000, 0x0000000084100000, 0x0000000084200000|  0%| F|  |TAMS 0x0000000084100000, 0x0000000084100000| Untracked 
|  38|0x0000000084200000, 0x0000000084200000, 0x0000000084300000|  0%| F|  |TAMS 0x0000000084200000, 0x0000000084200000| Untracked 
|  39|0x0000000084300000, 0x0000000084300000, 0x0000000084400000|  0%| F|  |TAMS 0x0000000084300000, 0x0000000084300000| Untracked 
|  40|0x0000000084400000, 0x0000000084400000, 0x0000000084500000|  0%| F|  |TAMS 0x0000000084400000, 0x0000000084400000| Untracked 
|  41|0x0000000084500000, 0x0000000084500000, 0x0000000084600000|  0%| F|  |TAMS 0x0000000084500000, 0x0000000084500000| Untracked 
|  42|0x0000000084600000, 0x0000000084600000, 0x0000000084700000|  0%| F|  |TAMS 0x0000000084600000, 0x0000000084600000| Untracked 
|  43|0x0000000084700000, 0x0000000084700000, 0x0000000084800000|  0%| F|  |TAMS 0x0000000084700000, 0x0000000084700000| Untracked 
|  44|0x0000000084800000, 0x0000000084800000, 0x0000000084900000|  0%| F|  |TAMS 0x0000000084800000, 0x0000000084800000| Untracked 
|  45|0x0000000084900000, 0x0000000084900000, 0x0000000084a00000|  0%| F|  |TAMS 0x0000000084900000, 0x0000000084900000| Untracked 
|  46|0x0000000084a00000, 0x0000000084a00000, 0x0000000084b00000|  0%| F|  |TAMS 0x0000000084a00000, 0x0000000084a00000| Untracked 
|  47|0x0000000084b00000, 0x0000000084b00000, 0x0000000084c00000|  0%| F|  |TAMS 0x0000000084b00000, 0x0000000084b00000| Untracked 
|  48|0x0000000084c00000, 0x0000000084c00000, 0x0000000084d00000|  0%| F|  |TAMS 0x0000000084c00000, 0x0000000084c00000| Untracked 
|  49|0x0000000084d00000, 0x0000000084d00000, 0x0000000084e00000|  0%| F|  |TAMS 0x0000000084d00000, 0x0000000084d00000| Untracked 
|  50|0x0000000084e00000, 0x0000000084e00000, 0x0000000084f00000|  0%| F|  |TAMS 0x0000000084e00000, 0x0000000084e00000| Untracked 
|  51|0x0000000084f00000, 0x0000000084f00000, 0x0000000085000000|  0%| F|  |TAMS 0x0000000084f00000, 0x0000000084f00000| Untracked 
|  52|0x0000000085000000, 0x0000000085000000, 0x0000000085100000|  0%| F|  |TAMS 0x0000000085000000, 0x0000000085000000| Untracked 
|  53|0x0000000085100000, 0x0000000085100000, 0x0000000085200000|  0%| F|  |TAMS 0x0000000085100000, 0x0000000085100000| Untracked 
|  54|0x0000000085200000, 0x0000000085200000, 0x0000000085300000|  0%| F|  |TAMS 0x0000000085200000, 0x0000000085200000| Untracked 
|  55|0x0000000085300000, 0x0000000085300000, 0x0000000085400000|  0%| F|  |TAMS 0x0000000085300000, 0x0000000085300000| Untracked 
|  56|0x0000000085400000, 0x0000000085400000, 0x0000000085500000|  0%| F|  |TAMS 0x0000000085400000, 0x0000000085400000| Untracked 
|  57|0x0000000085500000, 0x0000000085500000, 0x0000000085600000|  0%| F|  |TAMS 0x0000000085500000, 0x0000000085500000| Untracked 
|  58|0x0000000085600000, 0x0000000085600000, 0x0000000085700000|  0%| F|  |TAMS 0x0000000085600000, 0x0000000085600000| Untracked 
|  59|0x0000000085700000, 0x0000000085700000, 0x0000000085800000|  0%| F|  |TAMS 0x0000000085700000, 0x0000000085700000| Untracked 
|  60|0x0000000085800000, 0x0000000085800000, 0x0000000085900000|  0%| F|  |TAMS 0x0000000085800000, 0x0000000085800000| Untracked 
|  61|0x0000000085900000, 0x0000000085900000, 0x0000000085a00000|  0%| F|  |TAMS 0x0000000085900000, 0x0000000085900000| Untracked 
|  62|0x0000000085a00000, 0x0000000085a00000, 0x0000000085b00000|  0%| F|  |TAMS 0x0000000085a00000, 0x0000000085a00000| Untracked 
|  63|0x0000000085b00000, 0x0000000085b00000, 0x0000000085c00000|  0%| F|  |TAMS 0x0000000085b00000, 0x0000000085b00000| Untracked 
|  64|0x0000000085c00000, 0x0000000085c00000, 0x0000000085d00000|  0%| F|  |TAMS 0x0000000085c00000, 0x0000000085c00000| Untracked 
|  65|0x0000000085d00000, 0x0000000085d00000, 0x0000000085e00000|  0%| F|  |TAMS 0x0000000085d00000, 0x0000000085d00000| Untracked 
|  66|0x0000000085e00000, 0x0000000085e00000, 0x0000000085f00000|  0%| F|  |TAMS 0x0000000085e00000, 0x0000000085e00000| Untracked 
|  67|0x0000000085f00000, 0x0000000085f00000, 0x0000000086000000|  0%| F|  |TAMS 0x0000000085f00000, 0x0000000085f00000| Untracked 
|  68|0x0000000086000000, 0x0000000086000000, 0x0000000086100000|  0%| F|  |TAMS 0x0000000086000000, 0x0000000086000000| Untracked 
|  69|0x0000000086100000, 0x0000000086100000, 0x0000000086200000|  0%| F|  |TAMS 0x0000000086100000, 0x0000000086100000| Untracked 
|  70|0x0000000086200000, 0x0000000086200000, 0x0000000086300000|  0%| F|  |TAMS 0x0000000086200000, 0x0000000086200000| Untracked 
|  71|0x0000000086300000, 0x0000000086300000, 0x0000000086400000|  0%| F|  |TAMS 0x0000000086300000, 0x0000000086300000| Untracked 
|  72|0x0000000086400000, 0x0000000086400000, 0x0000000086500000|  0%| F|  |TAMS 0x0000000086400000, 0x0000000086400000| Untracked 
|  73|0x0000000086500000, 0x0000000086500000, 0x0000000086600000|  0%| F|  |TAMS 0x0000000086500000, 0x0000000086500000| Untracked 
|  74|0x0000000086600000, 0x0000000086600000, 0x0000000086700000|  0%| F|  |TAMS 0x0000000086600000, 0x0000000086600000| Untracked 
|  75|0x0000000086700000, 0x0000000086700000, 0x0000000086800000|  0%| F|  |TAMS 0x0000000086700000, 0x0000000086700000| Untracked 
|  76|0x0000000086800000, 0x0000000086800000, 0x0000000086900000|  0%| F|  |TAMS 0x0000000086800000, 0x0000000086800000| Untracked 
|  77|0x0000000086900000, 0x0000000086900000, 0x0000000086a00000|  0%| F|  |TAMS 0x0000000086900000, 0x0000000086900000| Untracked 
|  78|0x0000000086a00000, 0x0000000086a00000, 0x0000000086b00000|  0%| F|  |TAMS 0x0000000086a00000, 0x0000000086a00000| Untracked 
|  79|0x0000000086b00000, 0x0000000086b00000, 0x0000000086c00000|  0%| F|  |TAMS 0x0000000086b00000, 0x0000000086b00000| Untracked 
|  80|0x0000000086c00000, 0x0000000086c00000, 0x0000000086d00000|  0%| F|  |TAMS 0x0000000086c00000, 0x0000000086c00000| Untracked 
|  81|0x0000000086d00000, 0x0000000086d00000, 0x0000000086e00000|  0%| F|  |TAMS 0x0000000086d00000, 0x0000000086d00000| Untracked 
|  82|0x0000000086e00000, 0x0000000086e00000, 0x0000000086f00000|  0%| F|  |TAMS 0x0000000086e00000, 0x0000000086e00000| Untracked 
|  83|0x0000000086f00000, 0x0000000086f00000, 0x0000000087000000|  0%| F|  |TAMS 0x0000000086f00000, 0x0000000086f00000| Untracked 
|  84|0x0000000087000000, 0x0000000087000000, 0x0000000087100000|  0%| F|  |TAMS 0x0000000087000000, 0x0000000087000000| Untracked 
|  85|0x0000000087100000, 0x0000000087100000, 0x0000000087200000|  0%| F|  |TAMS 0x0000000087100000, 0x0000000087100000| Untracked 
|  86|0x0000000087200000, 0x0000000087200000, 0x0000000087300000|  0%| F|  |TAMS 0x0000000087200000, 0x0000000087200000| Untracked 
|  87|0x0000000087300000, 0x0000000087300000, 0x0000000087400000|  0%| F|  |TAMS 0x0000000087300000, 0x0000000087300000| Untracked 
|  88|0x0000000087400000, 0x0000000087400000, 0x0000000087500000|  0%| F|  |TAMS 0x0000000087400000, 0x0000000087400000| Untracked 
|  89|0x0000000087500000, 0x0000000087500000, 0x0000000087600000|  0%| F|  |TAMS 0x0000000087500000, 0x0000000087500000| Untracked 
|  90|0x0000000087600000, 0x0000000087600000, 0x0000000087700000|  0%| F|  |TAMS 0x0000000087600000, 0x0000000087600000| Untracked 
|  91|0x0000000087700000, 0x0000000087700000, 0x0000000087800000|  0%| F|  |TAMS 0x0000000087700000, 0x0000000087700000| Untracked 
|  92|0x0000000087800000, 0x0000000087800000, 0x0000000087900000|  0%| F|  |TAMS 0x0000000087800000, 0x0000000087800000| Untracked 
|  93|0x0000000087900000, 0x0000000087900000, 0x0000000087a00000|  0%| F|  |TAMS 0x0000000087900000, 0x0000000087900000| Untracked 
|  94|0x0000000087a00000, 0x0000000087a00000, 0x0000000087b00000|  0%| F|  |TAMS 0x0000000087a00000, 0x0000000087a00000| Untracked 
|  95|0x0000000087b00000, 0x0000000087b00000, 0x0000000087c00000|  0%| F|  |TAMS 0x0000000087b00000, 0x0000000087b00000| Untracked 
|  96|0x0000000087c00000, 0x0000000087c00000, 0x0000000087d00000|  0%| F|  |TAMS 0x0000000087c00000, 0x0000000087c00000| Untracked 
|  97|0x0000000087d00000, 0x0000000087d00000, 0x0000000087e00000|  0%| F|  |TAMS 0x0000000087d00000, 0x0000000087d00000| Untracked 
|  98|0x0000000087e00000, 0x0000000087e00000, 0x0000000087f00000|  0%| F|  |TAMS 0x0000000087e00000, 0x0000000087e00000| Untracked 
|  99|0x0000000087f00000, 0x0000000087f00000, 0x0000000088000000|  0%| F|  |TAMS 0x0000000087f00000, 0x0000000087f00000| Untracked 
| 100|0x0000000088000000, 0x0000000088000000, 0x0000000088100000|  0%| F|  |TAMS 0x0000000088000000, 0x0000000088000000| Untracked 
| 101|0x0000000088100000, 0x0000000088100000, 0x0000000088200000|  0%| F|  |TAMS 0x0000000088100000, 0x0000000088100000| Untracked 
| 102|0x0000000088200000, 0x0000000088200000, 0x0000000088300000|  0%| F|  |TAMS 0x0000000088200000, 0x0000000088200000| Untracked 
| 103|0x0000000088300000, 0x0000000088300000, 0x0000000088400000|  0%| F|  |TAMS 0x0000000088300000, 0x0000000088300000| Untracked 
| 104|0x0000000088400000, 0x0000000088400000, 0x0000000088500000|  0%| F|  |TAMS 0x0000000088400000, 0x0000000088400000| Untracked 
| 105|0x0000000088500000, 0x0000000088500000, 0x0000000088600000|  0%| F|  |TAMS 0x0000000088500000, 0x0000000088500000| Untracked 
| 106|0x0000000088600000, 0x0000000088600000, 0x0000000088700000|  0%| F|  |TAMS 0x0000000088600000, 0x0000000088600000| Untracked 
| 107|0x0000000088700000, 0x0000000088700000, 0x0000000088800000|  0%| F|  |TAMS 0x0000000088700000, 0x0000000088700000| Untracked 
| 108|0x0000000088800000, 0x0000000088800000, 0x0000000088900000|  0%| F|  |TAMS 0x0000000088800000, 0x0000000088800000| Untracked 
| 109|0x0000000088900000, 0x0000000088900000, 0x0000000088a00000|  0%| F|  |TAMS 0x0000000088900000, 0x0000000088900000| Untracked 
| 110|0x0000000088a00000, 0x0000000088a00000, 0x0000000088b00000|  0%| F|  |TAMS 0x0000000088a00000, 0x0000000088a00000| Untracked 
| 111|0x0000000088b00000, 0x0000000088b00000, 0x0000000088c00000|  0%| F|  |TAMS 0x0000000088b00000, 0x0000000088b00000| Untracked 
| 112|0x0000000088c00000, 0x0000000088c00000, 0x0000000088d00000|  0%| F|  |TAMS 0x0000000088c00000, 0x0000000088c00000| Untracked 
| 113|0x0000000088d00000, 0x0000000088d00000, 0x0000000088e00000|  0%| F|  |TAMS 0x0000000088d00000, 0x0000000088d00000| Untracked 
| 114|0x0000000088e00000, 0x0000000088e00000, 0x0000000088f00000|  0%| F|  |TAMS 0x0000000088e00000, 0x0000000088e00000| Untracked 
| 115|0x0000000088f00000, 0x0000000088f00000, 0x0000000089000000|  0%| F|  |TAMS 0x0000000088f00000, 0x0000000088f00000| Untracked 
| 116|0x0000000089000000, 0x0000000089000000, 0x0000000089100000|  0%| F|  |TAMS 0x0000000089000000, 0x0000000089000000| Untracked 
| 117|0x0000000089100000, 0x0000000089100000, 0x0000000089200000|  0%| F|  |TAMS 0x0000000089100000, 0x0000000089100000| Untracked 
| 118|0x0000000089200000, 0x0000000089276470, 0x0000000089300000| 46%| E|  |TAMS 0x0000000089200000, 0x0000000089200000| Complete 
| 119|0x0000000089300000, 0x0000000089400000, 0x0000000089400000|100%| E|CS|TAMS 0x0000000089300000, 0x0000000089300000| Complete 
| 120|0x0000000089400000, 0x0000000089500000, 0x0000000089500000|100%| E|CS|TAMS 0x0000000089400000, 0x0000000089400000| Complete 
| 121|0x0000000089500000, 0x0000000089600000, 0x0000000089600000|100%| E|  |TAMS 0x0000000089500000, 0x0000000089500000| Complete 
| 122|0x0000000089600000, 0x0000000089700000, 0x0000000089700000|100%| E|CS|TAMS 0x0000000089600000, 0x0000000089600000| Complete 
| 123|0x0000000089700000, 0x0000000089800000, 0x0000000089800000|100%| E|CS|TAMS 0x0000000089700000, 0x0000000089700000| Complete 
| 124|0x0000000089800000, 0x0000000089900000, 0x0000000089900000|100%| E|CS|TAMS 0x0000000089800000, 0x0000000089800000| Complete 
| 125|0x0000000089900000, 0x0000000089a00000, 0x0000000089a00000|100%| E|CS|TAMS 0x0000000089900000, 0x0000000089900000| Complete 
| 126|0x0000000089a00000, 0x0000000089b00000, 0x0000000089b00000|100%| E|CS|TAMS 0x0000000089a00000, 0x0000000089a00000| Complete 
| 127|0x0000000089b00000, 0x0000000089c00000, 0x0000000089c00000|100%| E|CS|TAMS 0x0000000089b00000, 0x0000000089b00000| Complete 

Card table byte_map: [0x000001bfba280000,0x000001bfba680000] _byte_map_base: 0x000001bfb9e72000

Marking Bits (Prev, Next): (CMBitMap*) 0x000001bfa2c44a70, (CMBitMap*) 0x000001bfa2c44ab0
 Prev Bits: [0x000001bfbaa80000, 0x000001bfbca10000)
 Next Bits: [0x000001bfbca10000, 0x000001bfbe9a0000)

Polling page: 0x000001bfa23b0000

Metaspace:

Usage:
  Non-class:      4.40 MB used.
      Class:    278.77 KB used.
       Both:      4.67 MB used.

Virtual space:
  Non-class space:       64.00 MB reserved,       4.50 MB (  7%) committed,  1 nodes.
      Class space:        1.00 GB reserved,     384.00 KB ( <1%) committed,  1 nodes.
             Both:        1.06 GB reserved,       4.88 MB ( <1%) committed. 

Chunk freelists:
   Non-Class:  1.58 MB
       Class:  3.61 MB
        Both:  5.19 MB

MaxMetaspaceSize: unlimited
CompressedClassSpaceSize: 1.00 GB
Initial GC threshold: 21.00 MB
Current GC threshold: 21.00 MB
CDS: on
MetaspaceReclaimPolicy: balanced
 - commit_granule_bytes: 65536.
 - commit_granule_words: 8192.
 - virtual_space_node_default_size: 8388608.
 - enlarge_chunks_in_place: 1.
 - new_chunks_are_fully_committed: 0.
 - uncommit_free_chunks: 1.
 - use_allocation_guard: 0.


Internal statistics:

num_allocs_failed_limit: 0.
num_arena_births: 104.
num_arena_deaths: 0.
num_vsnodes_births: 2.
num_vsnodes_deaths: 0.
num_space_committed: 76.
num_space_uncommitted: 0.
num_chunks_returned_to_freelist: 0.
num_chunks_taken_from_freelist: 223.
num_chunk_merges: 0.
num_chunk_splits: 140.
num_chunks_enlarged: 96.
num_inconsistent_stats: 0.

CodeHeap 'non-profiled nmethods': size=120000Kb used=235Kb max_used=235Kb free=119764Kb
 bounds [0x000001bfb2620000, 0x000001bfb2890000, 0x000001bfb9b50000]
CodeHeap 'profiled nmethods': size=120000Kb used=1131Kb max_used=1131Kb free=118868Kb
 bounds [0x000001bfaab50000, 0x000001bfaadc0000, 0x000001bfb2080000]
CodeHeap 'non-nmethods': size=5760Kb used=1718Kb max_used=1733Kb free=4041Kb
 bounds [0x000001bfb2080000, 0x000001bfb22f0000, 0x000001bfb2620000]
 total_blobs=1852 nmethods=773 adapters=990
 compilation: enabled
              stopped_count=0, restarted_count=0
 full_count=0

Compilation events (20 events):
Event: 1.326 Thread 0x000001bfc13f76d0  764       4       java.lang.StringBuilder::append (8 bytes)
Event: 1.326 Thread 0x000001bfc14031b0  766       3       java.util.WeakHashMap::remove (131 bytes)
Event: 1.328 Thread 0x000001bfc14031b0 nmethod 766 0x000001bfaac67190 code [0x000001bfaac673e0, 0x000001bfaac67f58]
Event: 1.328 Thread 0x000001bfc14031b0  765       3       java.util.Collections$SetFromMap::remove (19 bytes)
Event: 1.328 Thread 0x000001bfc14031b0 nmethod 765 0x000001bfaac68390 code [0x000001bfaac68540, 0x000001bfaac68768]
Event: 1.329 Thread 0x000001bfc14031b0  767       3       java.io.WinNTFileSystem::isLetter (30 bytes)
Event: 1.329 Thread 0x000001bfc14031b0 nmethod 767 0x000001bfaac68810 code [0x000001bfaac689c0, 0x000001bfaac68bd8]
Event: 1.329 Thread 0x000001bfc14031b0  768       3       java.util.zip.ZipFile$1::getMetaInfVersions (5 bytes)
Event: 1.330 Thread 0x000001bfc14031b0 nmethod 768 0x000001bfaac68c90 code [0x000001bfaac68e40, 0x000001bfaac690c8]
Event: 1.330 Thread 0x000001bfc14031b0  769   !   3       java.util.zip.ZipFile::getMetaInfVersions (26 bytes)
Event: 1.330 Thread 0x000001bfc14031b0 nmethod 769 0x000001bfaac69290 code [0x000001bfaac69440, 0x000001bfaac69668]
Event: 1.330 Thread 0x000001bfc14031b0  770       1       java.nio.HeapByteBuffer::isDirect (2 bytes)
Event: 1.330 Thread 0x000001bfc14031b0 nmethod 770 0x000001bfb265a090 code [0x000001bfb265a220, 0x000001bfb265a2f8]
Event: 1.336 Thread 0x000001bfc14031b0  771       3       sun.net.www.ParseUtil::encodePath (41 bytes)
Event: 1.337 Thread 0x000001bfc14031b0 nmethod 771 0x000001bfaac69810 code [0x000001bfaac699e0, 0x000001bfaac69c48]
Event: 1.337 Thread 0x000001bfc13f76d0 nmethod 764 0x000001bfb265a390 code [0x000001bfb265a540, 0x000001bfb265ab08]
Event: 1.430 Thread 0x000001bfc14031b0  772       3       java.lang.String::indexOf (18 bytes)
Event: 1.431 Thread 0x000001bfc14031b0 nmethod 772 0x000001bfaac69d10 code [0x000001bfaac69ee0, 0x000001bfaac6a1a8]
Event: 1.431 Thread 0x000001bfc14031b0  773       3       java.lang.String::indexOf (113 bytes)
Event: 1.432 Thread 0x000001bfc14031b0 nmethod 773 0x000001bfaac6a310 code [0x000001bfaac6a540, 0x000001bfaac6ab68]

GC Heap History (0 events):
No events

Dll operation events (13 events):
Event: 0.017 Loaded shared library C:\Program Files\Java\jdk-19\bin\java.dll
Event: 0.031 Loaded shared library C:\Program Files\Java\jdk-19\bin\jsvml.dll
Event: 0.141 Loaded shared library C:\Program Files\Java\jdk-19\bin\zip.dll
Event: 0.151 Loaded shared library C:\Program Files\Java\jdk-19\bin\instrument.dll
Event: 0.161 Loaded shared library C:\Program Files\Java\jdk-19\bin\net.dll
Event: 0.165 Loaded shared library C:\Program Files\Java\jdk-19\bin\nio.dll
Event: 0.172 Loaded shared library C:\Program Files\Java\jdk-19\bin\zip.dll
Event: 0.226 Loaded shared library C:\Program Files\Java\jdk-19\bin\extnet.dll
Event: 0.297 Loaded shared library C:\Program Files\Java\jdk-19\bin\jimage.dll
Event: 0.335 Loaded shared library C:\Users\ghost\AppData\Local\Temp\lwjgl_Artemy\3.3.3+5\x64\lwjgl.dll
Event: 1.049 Loaded shared library C:\Users\ghost\AppData\Local\Temp\lwjgl_Artemy\3.3.3+5\x64\lwjgl_opengl.dll
Event: 1.196 Loaded shared library C:\Program Files\Java\jdk-19\bin\verify.dll
Event: 1.246 Loaded shared library C:\Users\ghost\AppData\Local\Temp\lwjgl_Artemy\3.3.3+5\x64\lwjgl_stb.dll

Deoptimization events (20 events):
Event: 1.060 Thread 0x000001bfa2be3fd0 DEOPT PACKING pc=0x000001bfaabea64a sp=0x000000bf96afe5d0
Event: 1.060 Thread 0x000001bfa2be3fd0 DEOPT UNPACKING pc=0x000001bfb20e7543 sp=0x000000bf96afda48 mode 0
Event: 1.061 Thread 0x000001bfa2be3fd0 DEOPT PACKING pc=0x000001bfaabea720 sp=0x000000bf96afe5d0
Event: 1.061 Thread 0x000001bfa2be3fd0 DEOPT UNPACKING pc=0x000001bfb20e7543 sp=0x000000bf96afda48 mode 0
Event: 1.061 Thread 0x000001bfa2be3fd0 DEOPT PACKING pc=0x000001bfaabea64a sp=0x000000bf96afe5d0
Event: 1.061 Thread 0x000001bfa2be3fd0 DEOPT UNPACKING pc=0x000001bfb20e7543 sp=0x000000bf96afda48 mode 0
Event: 1.062 Thread 0x000001bfa2be3fd0 DEOPT PACKING pc=0x000001bfaabea64a sp=0x000000bf96afe5d0
Event: 1.062 Thread 0x000001bfa2be3fd0 DEOPT UNPACKING pc=0x000001bfb20e7543 sp=0x000000bf96afda48 mode 0
Event: 1.062 Thread 0x000001bfa2be3fd0 DEOPT PACKING pc=0x000001bfaabea64a sp=0x000000bf96afe5d0
Event: 1.062 Thread 0x000001bfa2be3fd0 DEOPT UNPACKING pc=0x000001bfb20e7543 sp=0x000000bf96afda48 mode 0
Event: 1.062 Thread 0x000001bfa2be3fd0 DEOPT PACKING pc=0x000001bfaabea64a sp=0x000000bf96afe5d0
Event: 1.062 Thread 0x000001bfa2be3fd0 DEOPT UNPACKING pc=0x000001bfb20e7543 sp=0x000000bf96afda48 mode 0
Event: 1.123 Thread 0x000001bfa2be3fd0 Uncommon trap: trap_request=0xffffff54 fr.pc=0x000001bfb2656100 relative=0x0000000000000060
Event: 1.123 Thread 0x000001bfa2be3fd0 Uncommon trap: reason=speculate_null_assert action=make_not_entrant pc=0x000001bfb2656100 method=sun.misc.Unsafe.putLong(Ljava/lang/Object;JJ)V @ 7 c2
Event: 1.123 Thread 0x000001bfa2be3fd0 DEOPT PACKING pc=0x000001bfb2656100 sp=0x000000bf96aff120
Event: 1.123 Thread 0x000001bfa2be3fd0 DEOPT UNPACKING pc=0x000001bfb20e6da3 sp=0x000000bf96aff098 mode 2
Event: 1.124 Thread 0x000001bfa2be3fd0 Uncommon trap: trap_request=0xffffff54 fr.pc=0x000001bfb26566fc relative=0x000000000000005c
Event: 1.124 Thread 0x000001bfa2be3fd0 Uncommon trap: reason=speculate_null_assert action=make_not_entrant pc=0x000001bfb26566fc method=sun.misc.Unsafe.getLong(Ljava/lang/Object;J)J @ 5 c2
Event: 1.124 Thread 0x000001bfa2be3fd0 DEOPT PACKING pc=0x000001bfb26566fc sp=0x000000bf96aff160
Event: 1.124 Thread 0x000001bfa2be3fd0 DEOPT UNPACKING pc=0x000001bfb20e6da3 sp=0x000000bf96aff0e8 mode 2

Classes loaded (20 events):
Event: 0.439 Loading class java/util/Formatter$FixedString
Event: 0.439 Loading class java/util/Formatter$FixedString done
Event: 0.463 Loading class java/lang/NoSuchFieldError
Event: 0.463 Loading class java/lang/NoSuchFieldError done
Event: 0.498 Loading class jdk/internal/reflect/MethodHandleIntegerFieldAccessorImpl
Event: 0.498 Loading class jdk/internal/reflect/MethodHandleIntegerFieldAccessorImpl done
Event: 1.042 Loading class jdk/internal/foreign/MemorySessionImpl
Event: 1.042 Loading class java/lang/foreign/MemorySession
Event: 1.042 Loading class java/lang/foreign/SegmentAllocator
Event: 1.043 Loading class java/lang/foreign/SegmentAllocator done
Event: 1.043 Loading class java/lang/foreign/MemorySession done
Event: 1.043 Loading class jdk/internal/foreign/MemorySessionImpl done
Event: 1.193 Loading class java/io/Externalizable
Event: 1.193 Loading class java/io/Externalizable done
Event: 1.216 Loading class java/nio/file/FileAlreadyExistsException
Event: 1.216 Loading class java/nio/file/FileAlreadyExistsException done
Event: 1.217 Loading class java/nio/file/StandardCopyOption
Event: 1.217 Loading class java/nio/file/StandardCopyOption done
Event: 1.433 Loading class java/nio/HeapFloatBuffer
Event: 1.433 Loading class java/nio/HeapFloatBuffer done

Classes unloaded (0 events):
No events

Classes redefined (0 events):
No events

Internal exceptions (20 events):
Event: 0.422 Thread 0x000001bfa2be3fd0 Exception <a 'java/lang/NoSuchMethodError'{0x00000000896434f8}: 'java.lang.Object java.lang.invoke.DirectMethodHandle$Holder.newInvokeSpecial(java.lang.Object, java.lang.Object, long)'> (0x00000000896434f8) 
thrown [s\open\src\hotspot\share\interpreter\linkResolver.cpp, line 774]
Event: 0.422 Thread 0x000001bfa2be3fd0 Exception <a 'java/lang/NoSuchMethodError'{0x0000000089646dd0}: 'java.lang.Object java.lang.invoke.Invokers$Holder.linkToTargetMethod(java.lang.Object, long, java.lang.Object)'> (0x0000000089646dd0) 
thrown [s\open\src\hotspot\share\interpreter\linkResolver.cpp, line 774]
Event: 0.423 Thread 0x000001bfa2be3fd0 Exception <a 'java/lang/NoSuchMethodError'{0x000000008964e228}: 'int java.lang.invoke.DirectMethodHandle$Holder.invokeStaticInit(java.lang.Object, java.lang.Object, java.lang.Object, long)'> (0x000000008964e228) 
thrown [s\open\src\hotspot\share\interpreter\linkResolver.cpp, line 774]
Event: 0.461 Thread 0x000001bfa2be3fd0 Exception <a 'sun/nio/fs/WindowsException'{0x00000000896e9e10}> (0x00000000896e9e10) 
thrown [s\open\src\hotspot\share\prims\jni.cpp, line 517]
Event: 0.461 Thread 0x000001bfa2be3fd0 Exception <a 'sun/nio/fs/WindowsException'{0x00000000896ea170}> (0x00000000896ea170) 
thrown [s\open\src\hotspot\share\prims\jni.cpp, line 517]
Event: 0.499 Thread 0x000001bfa2be3fd0 Exception <a 'java/lang/NoSuchMethodError'{0x00000000896ff7c0}: 'int java.lang.invoke.Invokers$Holder.invokeExact_MT(java.lang.Object, java.lang.Object)'> (0x00000000896ff7c0) 
thrown [s\open\src\hotspot\share\interpreter\linkResolver.cpp, line 774]
Event: 1.032 Thread 0x000001bfa2be3fd0 Exception <a 'java/lang/NoSuchMethodError'{0x0000000089595560}: 'void java.lang.System.load(java.lang.String, java.lang.Class)'> (0x0000000089595560) 
thrown [s\open\src\hotspot\share\interpreter\linkResolver.cpp, line 774]
Event: 1.033 Thread 0x000001bfa2be3fd0 Exception <a 'java/lang/NoSuchMethodError'{0x0000000089598368}: 'void java.lang.System.loadLibrary(java.lang.String, java.lang.Class)'> (0x0000000089598368) 
thrown [s\open\src\hotspot\share\interpreter\linkResolver.cpp, line 774]
Event: 1.045 Thread 0x000001bfa2be3fd0 Exception <a 'sun/nio/fs/WindowsException'{0x00000000895a79d0}> (0x00000000895a79d0) 
thrown [s\open\src\hotspot\share\prims\jni.cpp, line 517]
Event: 1.045 Thread 0x000001bfa2be3fd0 Exception <a 'sun/nio/fs/WindowsException'{0x00000000895a7d78}> (0x00000000895a7d78) 
thrown [s\open\src\hotspot\share\prims\jni.cpp, line 517]
Event: 1.065 Thread 0x000001bfa2be3fd0 Exception <a 'sun/nio/fs/WindowsException'{0x00000000895b0180}> (0x00000000895b0180) 
thrown [s\open\src\hotspot\share\prims\jni.cpp, line 517]
Event: 1.066 Thread 0x000001bfa2be3fd0 Exception <a 'sun/nio/fs/WindowsException'{0x00000000895b0460}> (0x00000000895b0460) 
thrown [s\open\src\hotspot\share\prims\jni.cpp, line 517]
Event: 1.210 Thread 0x000001bfa2be3fd0 Exception <a 'java/lang/NoSuchMethodError'{0x00000000893dfbd8}: 'void java.lang.System.load(java.lang.String, java.lang.Class)'> (0x00000000893dfbd8) 
thrown [s\open\src\hotspot\share\interpreter\linkResolver.cpp, line 774]
Event: 1.211 Thread 0x000001bfa2be3fd0 Exception <a 'java/lang/NoSuchMethodError'{0x00000000893e29e8}: 'void java.lang.System.loadLibrary(java.lang.String, java.lang.Class)'> (0x00000000893e29e8) 
thrown [s\open\src\hotspot\share\interpreter\linkResolver.cpp, line 774]
Event: 1.215 Thread 0x000001bfa2be3fd0 Exception <a 'sun/nio/fs/WindowsException'{0x00000000893e6ac0}> (0x00000000893e6ac0) 
thrown [s\open\src\hotspot\share\prims\jni.cpp, line 517]
Event: 1.216 Thread 0x000001bfa2be3fd0 Exception <a 'sun/nio/fs/WindowsException'{0x00000000893e6da8}> (0x00000000893e6da8) 
thrown [s\open\src\hotspot\share\prims\jni.cpp, line 517]
Event: 1.216 Thread 0x000001bfa2be3fd0 Exception <a 'sun/nio/fs/WindowsException'{0x00000000893e77f0}> (0x00000000893e77f0) 
thrown [s\open\src\hotspot\share\prims\jni.cpp, line 517]
Event: 1.218 Thread 0x000001bfa2be3fd0 Exception <a 'sun/nio/fs/WindowsException'{0x00000000893ee470}> (0x00000000893ee470) 
thrown [s\open\src\hotspot\share\prims\jni.cpp, line 517]
Event: 1.236 Thread 0x000001bfa2be3fd0 Exception <a 'sun/nio/fs/WindowsException'{0x00000000893f1298}> (0x00000000893f1298) 
thrown [s\open\src\hotspot\share\prims\jni.cpp, line 517]
Event: 1.236 Thread 0x000001bfa2be3fd0 Exception <a 'sun/nio/fs/WindowsException'{0x00000000893f1618}> (0x00000000893f1618) 
thrown [s\open\src\hotspot\share\prims\jni.cpp, line 517]

VM Operations (6 events):
Event: 0.120 Executing VM operation: HandshakeAllThreads
Event: 0.120 Executing VM operation: HandshakeAllThreads done
Event: 0.212 Executing VM operation: HandshakeAllThreads
Event: 0.212 Executing VM operation: HandshakeAllThreads done
Event: 1.223 Executing VM operation: Cleanup
Event: 1.223 Executing VM operation: Cleanup done

Events (13 events):
Event: 0.032 Thread 0x000001bfa2be3fd0 Thread added: 0x000001bfa2be3fd0
Event: 0.053 Thread 0x000001bfc13eb450 Thread added: 0x000001bfc13eb450
Event: 0.053 Thread 0x000001bfc13ee150 Thread added: 0x000001bfc13ee150
Event: 0.054 Thread 0x000001bfc13f0750 Thread added: 0x000001bfc13f0750
Event: 0.054 Thread 0x000001bfc13f1080 Thread added: 0x000001bfc13f1080
Event: 0.054 Thread 0x000001bfc13f19b0 Thread added: 0x000001bfc13f19b0
Event: 0.054 Thread 0x000001bfc13f2420 Thread added: 0x000001bfc13f2420
Event: 0.054 Thread 0x000001bfc13f76d0 Thread added: 0x000001bfc13f76d0
Event: 0.055 Thread 0x000001bfc14031b0 Thread added: 0x000001bfc14031b0
Event: 0.055 Thread 0x000001bfc1417730 Thread added: 0x000001bfc1417730
Event: 0.106 Thread 0x000001bfc13b9e80 Thread added: 0x000001bfc13b9e80
Event: 0.208 Thread 0x000001bfc5a62c70 Thread added: 0x000001bfc5a62c70
Event: 0.208 Thread 0x000001bfc5a631b0 Thread added: 0x000001bfc5a631b0


Dynamic libraries:
0x00007ff684250000 - 0x00007ff684260000 	C:\Program Files\Java\jdk-19\bin\java.exe
0x00007ff845ed0000 - 0x00007ff8460c8000 	C:\WINDOWS\SYSTEM32\ntdll.dll
0x00007ff844810000 - 0x00007ff8448d2000 	C:\WINDOWS\System32\KERNEL32.DLL
0x00007ff8438d0000 - 0x00007ff843bc6000 	C:\WINDOWS\System32\KERNELBASE.dll
0x00007ff8437d0000 - 0x00007ff8438d0000 	C:\WINDOWS\System32\ucrtbase.dll
0x00007ff83f7b0000 - 0x00007ff83f7c8000 	C:\Program Files\Java\jdk-19\bin\jli.dll
0x00007ff831c60000 - 0x00007ff831c7b000 	C:\Program Files\Java\jdk-19\bin\VCRUNTIME140.dll
0x00007ff843ff0000 - 0x00007ff8440a1000 	C:\WINDOWS\System32\ADVAPI32.dll
0x00007ff844940000 - 0x00007ff8449de000 	C:\WINDOWS\System32\msvcrt.dll
0x00007ff8457c0000 - 0x00007ff84585f000 	C:\WINDOWS\System32\sechost.dll
0x00007ff845d70000 - 0x00007ff845e90000 	C:\WINDOWS\System32\RPCRT4.dll
0x00007ff843630000 - 0x00007ff843657000 	C:\WINDOWS\System32\bcrypt.dll
0x00007ff845420000 - 0x00007ff8455c1000 	C:\WINDOWS\System32\USER32.dll
0x00007ff82b6c0000 - 0x00007ff82b95b000 	C:\WINDOWS\WinSxS\amd64_microsoft.windows.common-controls_6595b64144ccf1df_6.0.19041.6456_none_60b8a6cb71f64256\COMCTL32.dll
0x00007ff843560000 - 0x00007ff843582000 	C:\WINDOWS\System32\win32u.dll
0x00007ff844b80000 - 0x00007ff844bab000 	C:\WINDOWS\System32\GDI32.dll
0x00007ff8436b0000 - 0x00007ff8437c9000 	C:\WINDOWS\System32\gdi32full.dll
0x00007ff843590000 - 0x00007ff84362d000 	C:\WINDOWS\System32\msvcp_win.dll
0x00007ff83b950000 - 0x00007ff83b95a000 	C:\WINDOWS\SYSTEM32\VERSION.dll
0x00007ff843f00000 - 0x00007ff843f2f000 	C:\WINDOWS\System32\IMM32.DLL
0x00007ff83fec0000 - 0x00007ff83fecc000 	C:\Program Files\Java\jdk-19\bin\vcruntime140_1.dll
0x00007ff81d720000 - 0x00007ff81d7ae000 	C:\Program Files\Java\jdk-19\bin\msvcp140.dll
0x00007ffff4a00000 - 0x00007ffff56c0000 	C:\Program Files\Java\jdk-19\bin\server\jvm.dll
0x00007ff8260c0000 - 0x00007ff8260c9000 	C:\WINDOWS\SYSTEM32\WSOCK32.dll
0x00007ff830a30000 - 0x00007ff830a57000 	C:\WINDOWS\SYSTEM32\WINMM.dll
0x00007ff844b10000 - 0x00007ff844b7b000 	C:\WINDOWS\System32\WS2_32.dll
0x00007ff841d30000 - 0x00007ff841d42000 	C:\WINDOWS\SYSTEM32\kernel.appcore.dll
0x00007ff83f760000 - 0x00007ff83f76a000 	C:\Program Files\Java\jdk-19\bin\jimage.dll
0x00007ff841270000 - 0x00007ff841471000 	C:\WINDOWS\SYSTEM32\DBGHELP.DLL
0x00007ff82a0b0000 - 0x00007ff82a0e4000 	C:\WINDOWS\SYSTEM32\dbgcore.DLL
0x00007ff843bd0000 - 0x00007ff843c52000 	C:\WINDOWS\System32\bcryptPrimitives.dll
0x00007ff83fee0000 - 0x00007ff83feee000 	C:\Program Files\Java\jdk-19\bin\instrument.dll
0x00007ff8248e0000 - 0x00007ff824906000 	C:\Program Files\Java\jdk-19\bin\java.dll
0x00007ff814ac0000 - 0x00007ff814b97000 	C:\Program Files\Java\jdk-19\bin\jsvml.dll
0x00007ff844cb0000 - 0x00007ff845420000 	C:\WINDOWS\System32\SHELL32.dll
0x00007ff841570000 - 0x00007ff841d15000 	C:\WINDOWS\SYSTEM32\windows.storage.dll
0x00007ff845a10000 - 0x00007ff845d64000 	C:\WINDOWS\System32\combase.dll
0x00007ff842f90000 - 0x00007ff842fbb000 	C:\WINDOWS\SYSTEM32\Wldp.dll
0x00007ff8456f0000 - 0x00007ff8457bd000 	C:\WINDOWS\System32\OLEAUT32.dll
0x00007ff8440b0000 - 0x00007ff84415d000 	C:\WINDOWS\System32\SHCORE.dll
0x00007ff844c50000 - 0x00007ff844cab000 	C:\WINDOWS\System32\shlwapi.dll
0x00007ff843490000 - 0x00007ff8434b4000 	C:\WINDOWS\SYSTEM32\profapi.dll
0x00007ff824610000 - 0x00007ff824628000 	C:\Program Files\Java\jdk-19\bin\zip.dll
0x00007ff82ac90000 - 0x00007ff82aca3000 	C:\Program Files\Java\jdk-19\bin\net.dll
0x00007ff83d700000 - 0x00007ff83d80a000 	C:\WINDOWS\SYSTEM32\WINHTTP.dll
0x00007ff842cf0000 - 0x00007ff842d5a000 	C:\WINDOWS\system32\mswsock.dll
0x00007ff8248c0000 - 0x00007ff8248d6000 	C:\Program Files\Java\jdk-19\bin\nio.dll
0x00007ff83daf0000 - 0x00007ff83daf8000 	C:\Program Files\Java\jdk-19\bin\extnet.dll
0x00007ff81ada0000 - 0x00007ff81ae1b000 	C:\Users\ghost\AppData\Local\Temp\lwjgl_Artemy\3.3.3+5\x64\lwjgl.dll
0x00007ff81ad10000 - 0x00007ff81ad92000 	C:\Users\ghost\AppData\Local\Temp\lwjgl_Artemy\3.3.3+5\x64\glfw.dll
0x00007ff82c190000 - 0x00007ff82c1d5000 	C:\WINDOWS\SYSTEM32\dinput8.dll
0x00007ff821ae0000 - 0x00007ff821af1000 	C:\WINDOWS\SYSTEM32\xinput1_4.dll
0x00007ff843660000 - 0x00007ff8436ae000 	C:\WINDOWS\System32\cfgmgr32.dll
0x00007ff8432f0000 - 0x00007ff843323000 	C:\WINDOWS\SYSTEM32\DEVOBJ.dll
0x00007ff840cd0000 - 0x00007ff840cfe000 	C:\WINDOWS\SYSTEM32\dwmapi.dll
0x00007ff825750000 - 0x00007ff8258a2000 	C:\WINDOWS\SYSTEM32\inputhost.dll
0x00007ff83e6c0000 - 0x00007ff83e817000 	C:\WINDOWS\SYSTEM32\wintypes.dll
0x00007ff8400b0000 - 0x00007ff8401a4000 	C:\WINDOWS\SYSTEM32\PROPSYS.dll
0x00007ff83f360000 - 0x00007ff83f452000 	C:\WINDOWS\SYSTEM32\CoreMessaging.dll
0x00007ff83f000000 - 0x00007ff83f35b000 	C:\WINDOWS\SYSTEM32\CoreUIComponents.dll
0x00007ff8427d0000 - 0x00007ff842803000 	C:\WINDOWS\SYSTEM32\ntmarta.dll
0x00007ff840a40000 - 0x00007ff840ade000 	C:\WINDOWS\system32\uxtheme.dll
0x00007ff8455d0000 - 0x00007ff8456e5000 	C:\WINDOWS\System32\MSCTF.dll
0x00007ff814ba0000 - 0x00007ff814cc8000 	C:\WINDOWS\SYSTEM32\opengl32.dll
0x00007ff824890000 - 0x00007ff8248bc000 	C:\WINDOWS\SYSTEM32\GLU32.dll
0x00007ff8445e0000 - 0x00007ff844689000 	C:\WINDOWS\System32\clbcatq.dll
0x00007fffecee0000 - 0x00007fffedeb2000 	C:\WINDOWS\System32\DriverStore\FileRepository\iigd_dch.inf_amd64_2b1d9e395a05d1c9\ig9icd64.dll
0x00007ff8449e0000 - 0x00007ff844b0b000 	C:\WINDOWS\System32\ole32.dll
0x00007ff841da0000 - 0x00007ff841e96000 	C:\WINDOWS\system32\dxgi.dll
0x00007ff836fe0000 - 0x00007ff837238000 	C:\WINDOWS\System32\DriverStore\FileRepository\iigd_dch.inf_amd64_2b1d9e395a05d1c9\igdgmm64.dll
0x00007ff834300000 - 0x00007ff836fe0000 	C:\WINDOWS\System32\DriverStore\FileRepository\iigd_dch.inf_amd64_2b1d9e395a05d1c9\igc64.dll
0x00007ff842aa0000 - 0x00007ff842aeb000 	C:\WINDOWS\SYSTEM32\powrprof.dll
0x00007ff842940000 - 0x00007ff842952000 	C:\WINDOWS\SYSTEM32\UMPDC.dll
0x00007ffff8b20000 - 0x00007ffff8f3a000 	C:\WINDOWS\System32\DriverStore\FileRepository\iigd_dch.inf_amd64_2b1d9e395a05d1c9\igdml64.dll
0x00007ff82bcc0000 - 0x00007ff82bdb9000 	C:\WINDOWS\SYSTEM32\textinputframework.dll
0x00007ff831790000 - 0x00007ff8317f6000 	C:\WINDOWS\system32\Oleacc.dll
0x00007ff81aa00000 - 0x00007ff81aa5e000 	C:\Users\ghost\AppData\Local\Temp\lwjgl_Artemy\3.3.3+5\x64\lwjgl_opengl.dll
0x00007ff82be30000 - 0x00007ff82be40000 	C:\Program Files\Java\jdk-19\bin\verify.dll
0x00007ff813d70000 - 0x00007ff813df2000 	C:\Users\ghost\AppData\Local\Temp\lwjgl_Artemy\3.3.3+5\x64\lwjgl_stb.dll

dbghelp: loaded successfully - version: 4.0.5 - missing functions: none
symbol engine: initialized successfully - sym options: 0x614 - pdb path: .;C:\Program Files\Java\jdk-19\bin;C:\WINDOWS\SYSTEM32;C:\WINDOWS\WinSxS\amd64_microsoft.windows.common-controls_6595b64144ccf1df_6.0.19041.6456_none_60b8a6cb71f64256;C:\Program Files\Java\jdk-19\bin\server;C:\Users\ghost\AppData\Local\Temp\lwjgl_Artemy\3.3.3+5\x64;C:\WINDOWS\System32\DriverStore\FileRepository\iigd_dch.inf_amd64_2b1d9e395a05d1c9

VM Arguments:
jvm_args: -javaagent:C:\Program Files\JetBrains\IntelliJ IDEA Community Edition 2025.2.1\lib\idea_rt.jar=2391 -Dfile.encoding=UTF-8 -Dsun.stdout.encoding=UTF-8 -Dsun.stderr.encoding=UTF-8 
java_command: org.example.Lab3
java_class_path (initial): C:\code\java\pgp\laba\target\classes;C:\Users\ghost\.m2\repository\org\lwjgl\lwjgl\3.3.3\lwjgl-3.3.3.jar;C:\Users\ghost\.m2\repository\org\lwjgl\lwjgl-opengl\3.3.3\lwjgl-opengl-3.3.3.jar;C:\Users\ghost\.m2\repository\org\lwjgl\lwjgl-glfw\3.3.3\lwjgl-glfw-3.3.3.jar;C:\Users\ghost\.m2\repository\org\lwjgl\lwjgl-stb\3.3.3\lwjgl-stb-3.3.3.jar;C:\Users\ghost\.m2\repository\org\lwjgl\lwjgl\3.3.3\lwjgl-3.3.3-natives-windows.jar;C:\Users\ghost\.m2\repository\org\lwjgl\lwjgl-opengl\3.3.3\lwjgl-opengl-3.3.3-natives-windows.jar;C:\Users\ghost\.m2\repository\org\lwjgl\lwjgl-glfw\3.3.3\lwjgl-glfw-3.3.3-natives-windows.jar;C:\Users\ghost\.m2\repository\org\lwjgl\lwjgl-stb\3.3.3\lwjgl-stb-3.3.3-natives-windows.jar;C:\Users\ghost\.m2\repository\org\joml\joml\1.10.5\joml-1.10.5.jar
Launcher Type: SUN_STANDARD

[Global flags]
     intx CICompilerCount                          = 4                                         {product} {ergonomic}
     uint ConcGCThreads                            = 2                                         {product} {ergonomic}
     uint G1ConcRefinementThreads                  = 8                                         {product} {ergonomic}
   size_t G1HeapRegionSize                         = 1048576                                   {product} {ergonomic}
    uintx GCDrainStackTargetSize                   = 64                                        {product} {ergonomic}
   size_t InitialHeapSize                          = 134217728                                 {product} {ergonomic}
   size_t MarkStackSize                            = 4194304                                   {product} {ergonomic}
   size_t MaxHeapSize                              = 2118123520                                {product} {ergonomic}
   size_t MaxNewSize                               = 1270874112                                {product} {ergonomic}
   size_t MinHeapDeltaBytes                        = 1048576                                   {product} {ergonomic}
   size_t MinHeapSize                              = 8388608                                   {product} {ergonomic}
    uintx NonNMethodCodeHeapSize                   = 5839372                                {pd product} {ergonomic}
    uintx NonProfiledCodeHeapSize                  = 122909434                              {pd product} {ergonomic}
    uintx ProfiledCodeHeapSize                     = 122909434                              {pd product} {ergonomic}
    uintx ReservedCodeCacheSize                    = 251658240                              {pd product} {ergonomic}
     bool SegmentedCodeCache                       = true                                      {product} {ergonomic}
   size_t SoftMaxHeapSize                          = 2118123520                             {manageable} {ergonomic}
     bool UseCompressedClassPointers               = true                           {product lp64_product} {ergonomic}
     bool UseCompressedOops                        = true                           {product lp64_product} {ergonomic}
     bool UseG1GC                                  = true                                      {product} {ergonomic}
     bool UseLargePagesIndividualAllocation        = false                                  {pd product} {ergonomic}

Logging:
Log output configuration:
 #0: stdout all=warning uptime,level,tags foldmultilines=false
 #1: stderr all=off uptime,level,tags foldmultilines=false

Environment Variables:
CLASSPATH=.;
PATH=C:\Program Files\Common Files\Oracle\Java\javapath;C:\Program Files\Microsoft\jdk-17.0.12.7-hotspot\bin;C:\windows\system32;C:\windows;C:\windows\System32\Wbem;C:\windows\System32\WindowsPowerShell\v1.0\;C:\windows\System32\OpenSSH\;C:\Program Files (x86)\NVIDIA Corporation\PhysX\Common;C:\php;C:\WINDOWS\system32;C:\WINDOWS;C:\WINDOWS\System32\Wbem;C:\WINDOWS\System32\WindowsPowerShell\v1.0\;C:\WINDOWS\System32\OpenSSH\;C:\Program Files\Git\cmd;C:\Program Files\NVIDIA Corporation\NVIDIA NvDLISR;C:\Program Files\nodejs\;C:\Program Files\Go\bin;C:\Program Files\Docker\Docker\resources\bin;C:\Program Files\PuTTY\;C:\Program Files\MySQL\MySQL Shell 8.0\bin\;C:\Users\ghost\AppData\Local\Programs\Python\Python312\Scripts\;C:\Users\ghost\AppData\Local\Programs\Python\Python312\;C:\Users\ghost\AppData\Local\Programs\Python\Launcher\;C:\Users\ghost\AppData\Local\Android\Sdk\platform-tools;C:\Users\ghost\AppData\Local\Microsoft\WindowsApps;C:\Users\ghost\AppData\Local\Programs\Microsoft VS Code\bin;C:\Users\ghost\AppData\Roaming\npm;C:\Users\ghost\go\bin;C:\Users\ghost\AppData\Local\Programs\cursor\resources\app\bin;C:\Program Files (x86)\Nmap
USERNAME=Artemy
OS=Windows_NT
PROCESSOR_IDENTIFIER=Intel64 Family 6 Model 142 Stepping 12, GenuineIntel
TMP=C:\Users\ghost\AppData\Local\Temp
TEMP=C:\Users\ghost\AppData\Local\Temp



---------------  S Y S T E M  ---------------

OS:
 Windows 10 , 64 bit Build 19041 (10.0.19041.5915)
OS uptime: 8 days 23:18 hours
Hyper-V role detected

CPU: total 8 (initial active 8) (4 cores per cpu, 2 threads per core) family 6 model 142 stepping 12 microcode 0xb8, cx8, cmov, fxsr, ht, mmx, 3dnowpref, sse, sse2, sse3, ssse3, sse4.1, sse4.2, popcnt, lzcnt, tsc, tscinvbit, avx, avx2, aes, erms, clmul, bmi1, bmi2, adx, fma, vzeroupper, clflush, clflushopt, hv, rdtscp

Memory: 4k page, system-wide physical 8078M (1325M free)
TotalPageFile size 13500M (AvailPageFile size 3834M)
current process WorkingSet (physical memory assigned to process): 105M, peak: 105M
current process commit charge ("private bytes"): 236M, peak: 236M

vm_info: Java HotSpot(TM) 64-Bit Server VM (19.0.2+7-44) for windows-amd64 JRE (19.0.2+7-44), built on 2022-11-30T18:02:09Z by "mach5one" with MS VC++ 17.1 (VS2022)

END.
